#
# There is insufficient memory for the Java Runtime Environment to continue.
# Native memory allocation (malloc) failed to allocate 32744 bytes. Error detail: Chunk::new
# Possible reasons:
#   The system is out of physical RAM or swap space
#   This process is running with CompressedOops enabled, and the Java Heap may be blocking the growth of the native heap
# Possible solutions:
#   Reduce memory load on the system
#   Increase physical memory or swap space
#   Check if swap backing store is full
#   Decrease Java heap size (-Xmx/-Xms)
#   Decrease number of Java threads
#   Decrease Java thread stack sizes (-Xss)
#   Set larger code cache with -XX:ReservedCodeCacheSize=
#   JVM is running with Unscaled Compressed Oops mode in which the Java heap is
#     placed in the first 4GB address space. The Java Heap base address is the
#     maximum limit for the native heap growth. Please use -XX:HeapBaseMinAddress
#     to set the Java Heap base and to place the Java Heap above 4GB virtual address.
# This output file may be truncated or incomplete.
#
#  Out of Memory Error (arena.cpp:168), pid=13292, tid=29348
#
# JRE version: OpenJDK Runtime Environment Temurin-21.0.6+7 (21.0.6+7) (build 21.0.6+7-LTS)
# Java VM: OpenJDK 64-Bit Server VM Temurin-21.0.6+7 (21.0.6+7-LTS, mixed mode, sharing, tiered, compressed oops, compressed class ptrs, parallel gc, windows-amd64)
# No core dump will be written. Minidumps are not enabled by default on client versions of Windows
#

---------------  S U M M A R Y ------------

Command Line: --add-modules=ALL-SYSTEM --add-opens=java.base/java.util=ALL-UNNAMED --add-opens=java.base/java.lang=ALL-UNNAMED --add-opens=java.base/sun.nio.fs=ALL-UNNAMED -Declipse.application=org.eclipse.jdt.ls.core.id1 -Dosgi.bundles.defaultStartLevel=4 -Declipse.product=org.eclipse.jdt.ls.core.product -Djava.import.generatesMetadataFilesAtProjectRoot=false -DDetectVMInstallationsJob.disabled=true -Dfile.encoding=utf8 -XX:+UseParallelGC -XX:GCTimeRatio=4 -XX:AdaptiveSizePolicyWeight=90 -Dsun.zip.disableMemoryMapping=true -Xmx1G -Xms100m -Xlog:disable -javaagent:c:\Users\Admin\.vscode\extensions\redhat.java-1.41.1-win32-x64\lombok\lombok-1.18.36.jar c:\Users\Admin\.vscode\extensions\redhat.java-1.41.1-win32-x64\server\plugins\org.eclipse.equinox.launcher_1.7.0.v20250331-1702.jar -configuration c:\Users\Admin\AppData\Roaming\Code\User\globalStorage\redhat.java\1.41.1\config_ss_win -data c:\Users\Admin\AppData\Roaming\Code\User\workspaceStorage\3875dbbb7408aeb270af0e22020d43a3\redhat.java\ss_ws --pipe=\\.\pipe\lsp-ca4f0b2dc0b8646395629ffc60b40f36-sock

Host: 11th Gen Intel(R) Core(TM) i5-11400H @ 2.70GHz, 12 cores, 7G,  Windows 11 , 64 bit Build 22621 (10.0.22621.5124)
Time: Sat Apr 26 15:17:53 2025 SE Asia Standard Time elapsed time: 5.663537 seconds (0d 0h 0m 5s)

---------------  T H R E A D  ---------------

Current thread (0x000002c8137c5980):  JavaThread "C2 CompilerThread0" daemon [_thread_in_native, id=29348, stack(0x000000e0bc400000,0x000000e0bc500000) (1024K)]


Current CompileTask:
C2:5663 2510       4       org.lombokweb.asm.ClassReader::readMethod (1070 bytes)

Stack: [0x000000e0bc400000,0x000000e0bc500000]
Native frames: (J=compiled Java code, j=interpreted, Vv=VM code, C=native code)
V  [jvm.dll+0x6cdee9]
V  [jvm.dll+0x8a83d1]
V  [jvm.dll+0x8aa8fe]
V  [jvm.dll+0x8aafe3]
V  [jvm.dll+0x27f706]
V  [jvm.dll+0xc500d]
V  [jvm.dll+0xc5543]
V  [jvm.dll+0xc5135]
V  [jvm.dll+0x6a8376]
V  [jvm.dll+0x394073]
V  [jvm.dll+0x3917e2]
V  [jvm.dll+0x39adb7]
V  [jvm.dll+0x1cbb85]
V  [jvm.dll+0x6eaf0e]
V  [jvm.dll+0x6e6316]
V  [jvm.dll+0x6e0503]
V  [jvm.dll+0x6dfc1e]
V  [jvm.dll+0x6ddd0c]
V  [jvm.dll+0x1ca62c]
V  [jvm.dll+0x1cb1ac]
V  [jvm.dll+0x2f1cdc]
V  [jvm.dll+0x6e8512]
V  [jvm.dll+0x6e0503]
V  [jvm.dll+0x6dfc1e]
V  [jvm.dll+0x6ddd0c]
V  [jvm.dll+0x1ca62c]
V  [jvm.dll+0x1cb1ac]
V  [jvm.dll+0x1cb1ac]
V  [jvm.dll+0x2f1cdc]
V  [jvm.dll+0x6e8512]
V  [jvm.dll+0x6e0503]
V  [jvm.dll+0x6dfc1e]
V  [jvm.dll+0x6ddd0c]
V  [jvm.dll+0x1ca62c]
V  [jvm.dll+0x246b3e]
V  [jvm.dll+0x1c75ee]
V  [jvm.dll+0x25685a]
V  [jvm.dll+0x254dfa]
V  [jvm.dll+0x3f0256]
V  [jvm.dll+0x851f8b]
V  [jvm.dll+0x6cc5ed]
C  [ucrtbase.dll+0x29333]
C  [KERNEL32.DLL+0x1259d]
C  [ntdll.dll+0x5af38]


---------------  P R O C E S S  ---------------

Threads class SMR info:
_java_thread_list=0x000002c818a56b40, length=19, elements={
0x000002c7bc2f9c50, 0x000002c8137944b0, 0x000002c7d06ec7d0, 0x000002c813795f90,
0x000002c813797eb0, 0x000002c81379b2b0, 0x000002c8137c2410, 0x000002c8137c5980,
0x000002c8137cdc80, 0x000002c8138afbf0, 0x000002c8138af560, 0x000002c8138ae1b0,
0x000002c8138ae840, 0x000002c8138adb20, 0x000002c8138aeed0, 0x000002c8138b0280,
0x000002c8138b0910, 0x000002c8138ad490, 0x000002c818a6c160
}

Java Threads: ( => current thread )
  0x000002c7bc2f9c50 JavaThread "main"                              [_thread_blocked, id=19712, stack(0x000000e0bba00000,0x000000e0bbb00000) (1024K)]
  0x000002c8137944b0 JavaThread "Reference Handler"          daemon [_thread_blocked, id=30788, stack(0x000000e0bbe00000,0x000000e0bbf00000) (1024K)]
  0x000002c7d06ec7d0 JavaThread "Finalizer"                  daemon [_thread_blocked, id=31908, stack(0x000000e0bbf00000,0x000000e0bc000000) (1024K)]
  0x000002c813795f90 JavaThread "Signal Dispatcher"          daemon [_thread_blocked, id=24504, stack(0x000000e0bc000000,0x000000e0bc100000) (1024K)]
  0x000002c813797eb0 JavaThread "Attach Listener"            daemon [_thread_blocked, id=19116, stack(0x000000e0bc100000,0x000000e0bc200000) (1024K)]
  0x000002c81379b2b0 JavaThread "Service Thread"             daemon [_thread_blocked, id=21272, stack(0x000000e0bc200000,0x000000e0bc300000) (1024K)]
  0x000002c8137c2410 JavaThread "Monitor Deflation Thread"   daemon [_thread_blocked, id=20496, stack(0x000000e0bc300000,0x000000e0bc400000) (1024K)]
=>0x000002c8137c5980 JavaThread "C2 CompilerThread0"         daemon [_thread_in_native, id=29348, stack(0x000000e0bc400000,0x000000e0bc500000) (1024K)]
  0x000002c8137cdc80 JavaThread "C1 CompilerThread0"         daemon [_thread_blocked, id=18400, stack(0x000000e0bc500000,0x000000e0bc600000) (1024K)]
  0x000002c8138afbf0 JavaThread "Common-Cleaner"             daemon [_thread_blocked, id=12928, stack(0x000000e0bc600000,0x000000e0bc700000) (1024K)]
  0x000002c8138af560 JavaThread "Notification Thread"        daemon [_thread_blocked, id=22924, stack(0x000000e0bc700000,0x000000e0bc800000) (1024K)]
  0x000002c8138ae1b0 JavaThread "Active Thread: Equinox Container: 7af49058-20d9-4626-9318-071d171e3de4"        [_thread_blocked, id=18084, stack(0x000000e0bce00000,0x000000e0bcf00000) (1024K)]
  0x000002c8138ae840 JavaThread "Framework Event Dispatcher: Equinox Container: 7af49058-20d9-4626-9318-071d171e3de4" daemon [_thread_blocked, id=8128, stack(0x000000e0bcf00000,0x000000e0bd000000) (1024K)]
  0x000002c8138adb20 JavaThread "Start Level: Equinox Container: 7af49058-20d9-4626-9318-071d171e3de4" daemon [_thread_in_native, id=33832, stack(0x000000e0bd000000,0x000000e0bd100000) (1024K)]
  0x000002c8138aeed0 JavaThread "SCR Component Actor"        daemon [_thread_blocked, id=24968, stack(0x000000e0bd100000,0x000000e0bd200000) (1024K)]
  0x000002c8138b0280 JavaThread "SCR Component Registry"     daemon [_thread_blocked, id=20600, stack(0x000000e0bd300000,0x000000e0bd400000) (1024K)]
  0x000002c8138b0910 JavaThread "Worker-JM"                         [_thread_blocked, id=26852, stack(0x000000e0bd400000,0x000000e0bd500000) (1024K)]
  0x000002c8138ad490 JavaThread "Worker-0"                          [_thread_blocked, id=11896, stack(0x000000e0bd700000,0x000000e0bd800000) (1024K)]
  0x000002c818a6c160 JavaThread "Worker-1"                          [_thread_blocked, id=19912, stack(0x000000e0bd800000,0x000000e0bd900000) (1024K)]
Total: 19

Other Threads:
  0x000002c7bc3be7b0 VMThread "VM Thread"                           [id=30348, stack(0x000000e0bbd00000,0x000000e0bbe00000) (1024K)]
  0x000002c7bc369650 WatcherThread "VM Periodic Task Thread"        [id=25212, stack(0x000000e0bbc00000,0x000000e0bbd00000) (1024K)]
  0x000002c7bc3188b0 WorkerThread "GC Thread#0"                     [id=32800, stack(0x000000e0bbb00000,0x000000e0bbc00000) (1024K)]
  0x000002c8181f9410 WorkerThread "GC Thread#1"                     [id=34176, stack(0x000000e0bc800000,0x000000e0bc900000) (1024K)]
  0x000002c8181f97b0 WorkerThread "GC Thread#2"                     [id=13252, stack(0x000000e0bc900000,0x000000e0bca00000) (1024K)]
  0x000002c81850e260 WorkerThread "GC Thread#3"                     [id=15896, stack(0x000000e0bca00000,0x000000e0bcb00000) (1024K)]
  0x000002c81850e600 WorkerThread "GC Thread#4"                     [id=27356, stack(0x000000e0bcb00000,0x000000e0bcc00000) (1024K)]
  0x000002c81850e9a0 WorkerThread "GC Thread#5"                     [id=30668, stack(0x000000e0bcc00000,0x000000e0bcd00000) (1024K)]
  0x000002c81850ed40 WorkerThread "GC Thread#6"                     [id=30212, stack(0x000000e0bcd00000,0x000000e0bce00000) (1024K)]
  0x000002c8185de7c0 WorkerThread "GC Thread#7"                     [id=17940, stack(0x000000e0bd200000,0x000000e0bd300000) (1024K)]
  0x000002c8185de080 WorkerThread "GC Thread#8"                     [id=7660, stack(0x000000e0bd500000,0x000000e0bd600000) (1024K)]
  0x000002c8185ddce0 WorkerThread "GC Thread#9"                     [id=27160, stack(0x000000e0bd600000,0x000000e0bd700000) (1024K)]
Total: 12

Threads with active compile tasks:
C2 CompilerThread0  5704 2510       4       org.lombokweb.asm.ClassReader::readMethod (1070 bytes)
Total: 1

VM state: not at safepoint (normal execution)

VM Mutex/Monitor currently owned by a thread: None

Heap address: 0x00000000c0000000, size: 1024 MB, Compressed Oops mode: 32-bit

CDS archive(s) mapped at: [0x000002c7d1000000-0x000002c7d1ba0000-0x000002c7d1ba0000), size 12189696, SharedBaseAddress: 0x000002c7d1000000, ArchiveRelocationMode: 1.
Compressed class space mapped at: 0x000002c7d2000000-0x000002c812000000, reserved size: 1073741824
Narrow klass base: 0x000002c7d1000000, Narrow klass shift: 0, Narrow klass range: 0x100000000

GC Precious Log:
 CardTable entry size: 512
 CPUs: 12 total, 12 available
 Memory: 7893M
 Large Page Support: Disabled
 NUMA Support: Disabled
 Compressed Oops: Enabled (32-bit)
 Alignments: Space 512K, Generation 512K, Heap 2M
 Heap Min Capacity: 100M
 Heap Initial Capacity: 100M
 Heap Max Capacity: 1G
 Pre-touch: Disabled
 Parallel Workers: 10

Heap:
 PSYoungGen      total 29696K, used 20309K [0x00000000eab00000, 0x00000000ecc00000, 0x0000000100000000)
  eden space 25600K, 63% used [0x00000000eab00000,0x00000000ebada570,0x00000000ec400000)
  from space 4096K, 99% used [0x00000000ec800000,0x00000000ecbfafa8,0x00000000ecc00000)
  to   space 4096K, 0% used [0x00000000ec400000,0x00000000ec400000,0x00000000ec800000)
 ParOldGen       total 68608K, used 5367K [0x00000000c0000000, 0x00000000c4300000, 0x00000000eab00000)
  object space 68608K, 7% used [0x00000000c0000000,0x00000000c053ded8,0x00000000c4300000)
 Metaspace       used 18796K, committed 19392K, reserved 1114112K
  class space    used 1775K, committed 2048K, reserved 1048576K

Card table byte_map: [0x000002c7bbcd0000,0x000002c7bbee0000] _byte_map_base: 0x000002c7bb6d0000

Marking Bits: (ParMarkBitMap*) 0x00007ff905a53260
 Begin Bits: [0x000002c7ce4f0000, 0x000002c7cf4f0000)
 End Bits:   [0x000002c7cf4f0000, 0x000002c7d04f0000)

Polling page: 0x000002c7bbac0000

Metaspace:

Usage:
  Non-class:     16.62 MB used.
      Class:      1.73 MB used.
       Both:     18.36 MB used.

Virtual space:
  Non-class space:       64.00 MB reserved,      16.94 MB ( 26%) committed,  1 nodes.
      Class space:        1.00 GB reserved,       2.00 MB ( <1%) committed,  1 nodes.
             Both:        1.06 GB reserved,      18.94 MB (  2%) committed. 

Chunk freelists:
   Non-Class:  15.02 MB
       Class:  13.99 MB
        Both:  29.00 MB

MaxMetaspaceSize: unlimited
CompressedClassSpaceSize: 1.00 GB
Initial GC threshold: 21.00 MB
Current GC threshold: 21.00 MB
CDS: on
 - commit_granule_bytes: 65536.
 - commit_granule_words: 8192.
 - virtual_space_node_default_size: 8388608.
 - enlarge_chunks_in_place: 1.
 - use_allocation_guard: 0.


Internal statistics:

num_allocs_failed_limit: 0.
num_arena_births: 464.
num_arena_deaths: 0.
num_vsnodes_births: 2.
num_vsnodes_deaths: 0.
num_space_committed: 303.
num_space_uncommitted: 0.
num_chunks_returned_to_freelist: 0.
num_chunks_taken_from_freelist: 1146.
num_chunk_merges: 0.
num_chunk_splits: 769.
num_chunks_enlarged: 493.
num_inconsistent_stats: 0.

CodeHeap 'non-profiled nmethods': size=120000Kb used=996Kb max_used=996Kb free=119003Kb
 bounds [0x000002c7c6fc0000, 0x000002c7c7230000, 0x000002c7ce4f0000]
CodeHeap 'profiled nmethods': size=120000Kb used=5003Kb max_used=5003Kb free=114997Kb
 bounds [0x000002c7bf4f0000, 0x000002c7bf9e0000, 0x000002c7c6a20000]
CodeHeap 'non-nmethods': size=5760Kb used=1304Kb max_used=1315Kb free=4456Kb
 bounds [0x000002c7c6a20000, 0x000002c7c6c90000, 0x000002c7c6fc0000]
 total_blobs=3090 nmethods=2518 adapters=478
 compilation: enabled
              stopped_count=0, restarted_count=0
 full_count=0

Compilation events (20 events):
Event: 5.633 Thread 0x000002c8137cdc80 nmethod 2503 0x000002c7bf9c2410 code [0x000002c7bf9c25e0, 0x000002c7bf9c29e0]
Event: 5.634 Thread 0x000002c8137cdc80 2504 %     3       org.lombokweb.asm.ClassReader::<init> @ 95 (359 bytes)
Event: 5.635 Thread 0x000002c8137c5980 2507       4       org.lombokweb.asm.ByteVector::putByteArray (49 bytes)
Event: 5.635 Thread 0x000002c8137cdc80 nmethod 2504% 0x000002c7bf9c2b90 code [0x000002c7bf9c2ea0, 0x000002c7bf9c4268]
Event: 5.635 Thread 0x000002c8137cdc80 2505 %     3       org.lombokweb.asm.SymbolTable::<init> @ 98 (536 bytes)
Event: 5.637 Thread 0x000002c8137c5980 nmethod 2507 0x000002c7c70b8010 code [0x000002c7c70b81a0, 0x000002c7c70b8368]
Event: 5.637 Thread 0x000002c8137c5980 2508       4       org.lombokweb.asm.MethodWriter::visitLabel (332 bytes)
Event: 5.638 Thread 0x000002c8137cdc80 nmethod 2505% 0x000002c7bf9c4890 code [0x000002c7bf9c4e80, 0x000002c7bf9c7a00]
Event: 5.638 Thread 0x000002c8137cdc80 2506       3       org.lombokweb.asm.SymbolTable::addConstantIntegerOrFloat (100 bytes)
Event: 5.639 Thread 0x000002c8137cdc80 nmethod 2506 0x000002c7bf9c8b90 code [0x000002c7bf9c8da0, 0x000002c7bf9c92f0]
Event: 5.639 Thread 0x000002c8137cdc80 2509       3       org.lombokweb.asm.SymbolTable::<init> (536 bytes)
Event: 5.642 Thread 0x000002c8137cdc80 nmethod 2509 0x000002c7bf9c9590 code [0x000002c7bf9c9b40, 0x000002c7bf9cc380]
Event: 5.642 Thread 0x000002c8137cdc80 2511       3       java.util.regex.Matcher::match (154 bytes)
Event: 5.643 Thread 0x000002c8137cdc80 nmethod 2511 0x000002c7bf9cd490 code [0x000002c7bf9cd6a0, 0x000002c7bf9cdc28]
Event: 5.643 Thread 0x000002c8137c5980 nmethod 2508 0x000002c7c70b8490 code [0x000002c7c70b8640, 0x000002c7c70b8aa0]
Event: 5.643 Thread 0x000002c8137c5980 2510       4       org.lombokweb.asm.ClassReader::readMethod (1070 bytes)
Event: 5.655 Thread 0x000002c8137cdc80 2512       3       java.util.concurrent.ConcurrentHashMap::<init> (5 bytes)
Event: 5.656 Thread 0x000002c8137cdc80 nmethod 2512 0x000002c7bf9cde90 code [0x000002c7bf9ce040, 0x000002c7bf9ce208]
Event: 5.657 Thread 0x000002c8137cdc80 2513       3       java.lang.ThreadLocal$ThreadLocalMap::nextIndex (15 bytes)
Event: 5.657 Thread 0x000002c8137cdc80 nmethod 2513 0x000002c7bf9ce310 code [0x000002c7bf9ce4a0, 0x000002c7bf9ce5d8]

GC Heap History (8 events):
Event: 1.217 GC heap before
{Heap before GC invocations=1 (full 0):
 PSYoungGen      total 29696K, used 25600K [0x00000000eab00000, 0x00000000ecc00000, 0x0000000100000000)
  eden space 25600K, 100% used [0x00000000eab00000,0x00000000ec400000,0x00000000ec400000)
  from space 4096K, 0% used [0x00000000ec800000,0x00000000ec800000,0x00000000ecc00000)
  to   space 4096K, 0% used [0x00000000ec400000,0x00000000ec400000,0x00000000ec800000)
 ParOldGen       total 68608K, used 0K [0x00000000c0000000, 0x00000000c4300000, 0x00000000eab00000)
  object space 68608K, 0% used [0x00000000c0000000,0x00000000c0000000,0x00000000c4300000)
 Metaspace       used 4343K, committed 4544K, reserved 1114112K
  class space    used 438K, committed 512K, reserved 1048576K
}
Event: 1.225 GC heap after
{Heap after GC invocations=1 (full 0):
 PSYoungGen      total 29696K, used 3198K [0x00000000eab00000, 0x00000000ecc00000, 0x0000000100000000)
  eden space 25600K, 0% used [0x00000000eab00000,0x00000000eab00000,0x00000000ec400000)
  from space 4096K, 78% used [0x00000000ec400000,0x00000000ec71fa90,0x00000000ec800000)
  to   space 4096K, 0% used [0x00000000ec800000,0x00000000ec800000,0x00000000ecc00000)
 ParOldGen       total 68608K, used 16K [0x00000000c0000000, 0x00000000c4300000, 0x00000000eab00000)
  object space 68608K, 0% used [0x00000000c0000000,0x00000000c0004000,0x00000000c4300000)
 Metaspace       used 4343K, committed 4544K, reserved 1114112K
  class space    used 438K, committed 512K, reserved 1048576K
}
Event: 2.667 GC heap before
{Heap before GC invocations=2 (full 0):
 PSYoungGen      total 29696K, used 28798K [0x00000000eab00000, 0x00000000ecc00000, 0x0000000100000000)
  eden space 25600K, 100% used [0x00000000eab00000,0x00000000ec400000,0x00000000ec400000)
  from space 4096K, 78% used [0x00000000ec400000,0x00000000ec71fa90,0x00000000ec800000)
  to   space 4096K, 0% used [0x00000000ec800000,0x00000000ec800000,0x00000000ecc00000)
 ParOldGen       total 68608K, used 16K [0x00000000c0000000, 0x00000000c4300000, 0x00000000eab00000)
  object space 68608K, 0% used [0x00000000c0000000,0x00000000c0004000,0x00000000c4300000)
 Metaspace       used 8141K, committed 8448K, reserved 1114112K
  class space    used 807K, committed 960K, reserved 1048576K
}
Event: 2.674 GC heap after
{Heap after GC invocations=2 (full 0):
 PSYoungGen      total 29696K, used 4075K [0x00000000eab00000, 0x00000000ecc00000, 0x0000000100000000)
  eden space 25600K, 0% used [0x00000000eab00000,0x00000000eab00000,0x00000000ec400000)
  from space 4096K, 99% used [0x00000000ec800000,0x00000000ecbfaeb8,0x00000000ecc00000)
  to   space 4096K, 0% used [0x00000000ec400000,0x00000000ec400000,0x00000000ec800000)
 ParOldGen       total 68608K, used 864K [0x00000000c0000000, 0x00000000c4300000, 0x00000000eab00000)
  object space 68608K, 1% used [0x00000000c0000000,0x00000000c00d8168,0x00000000c4300000)
 Metaspace       used 8141K, committed 8448K, reserved 1114112K
  class space    used 807K, committed 960K, reserved 1048576K
}
Event: 3.865 GC heap before
{Heap before GC invocations=3 (full 0):
 PSYoungGen      total 29696K, used 29675K [0x00000000eab00000, 0x00000000ecc00000, 0x0000000100000000)
  eden space 25600K, 100% used [0x00000000eab00000,0x00000000ec400000,0x00000000ec400000)
  from space 4096K, 99% used [0x00000000ec800000,0x00000000ecbfaeb8,0x00000000ecc00000)
  to   space 4096K, 0% used [0x00000000ec400000,0x00000000ec400000,0x00000000ec800000)
 ParOldGen       total 68608K, used 864K [0x00000000c0000000, 0x00000000c4300000, 0x00000000eab00000)
  object space 68608K, 1% used [0x00000000c0000000,0x00000000c00d8168,0x00000000c4300000)
 Metaspace       used 12951K, committed 13504K, reserved 1114112K
  class space    used 1304K, committed 1536K, reserved 1048576K
}
Event: 3.871 GC heap after
{Heap after GC invocations=3 (full 0):
 PSYoungGen      total 29696K, used 4092K [0x00000000eab00000, 0x00000000ecc00000, 0x0000000100000000)
  eden space 25600K, 0% used [0x00000000eab00000,0x00000000eab00000,0x00000000ec400000)
  from space 4096K, 99% used [0x00000000ec400000,0x00000000ec7ff300,0x00000000ec800000)
  to   space 4096K, 0% used [0x00000000ec800000,0x00000000ec800000,0x00000000ecc00000)
 ParOldGen       total 68608K, used 2582K [0x00000000c0000000, 0x00000000c4300000, 0x00000000eab00000)
  object space 68608K, 3% used [0x00000000c0000000,0x00000000c02859d8,0x00000000c4300000)
 Metaspace       used 12951K, committed 13504K, reserved 1114112K
  class space    used 1304K, committed 1536K, reserved 1048576K
}
Event: 5.039 GC heap before
{Heap before GC invocations=4 (full 0):
 PSYoungGen      total 29696K, used 29692K [0x00000000eab00000, 0x00000000ecc00000, 0x0000000100000000)
  eden space 25600K, 100% used [0x00000000eab00000,0x00000000ec400000,0x00000000ec400000)
  from space 4096K, 99% used [0x00000000ec400000,0x00000000ec7ff300,0x00000000ec800000)
  to   space 4096K, 0% used [0x00000000ec800000,0x00000000ec800000,0x00000000ecc00000)
 ParOldGen       total 68608K, used 2582K [0x00000000c0000000, 0x00000000c4300000, 0x00000000eab00000)
  object space 68608K, 3% used [0x00000000c0000000,0x00000000c02859d8,0x00000000c4300000)
 Metaspace       used 15618K, committed 16192K, reserved 1114112K
  class space    used 1552K, committed 1792K, reserved 1048576K
}
Event: 5.044 GC heap after
{Heap after GC invocations=4 (full 0):
 PSYoungGen      total 29696K, used 4075K [0x00000000eab00000, 0x00000000ecc00000, 0x0000000100000000)
  eden space 25600K, 0% used [0x00000000eab00000,0x00000000eab00000,0x00000000ec400000)
  from space 4096K, 99% used [0x00000000ec800000,0x00000000ecbfafa8,0x00000000ecc00000)
  to   space 4096K, 0% used [0x00000000ec400000,0x00000000ec400000,0x00000000ec800000)
 ParOldGen       total 68608K, used 5367K [0x00000000c0000000, 0x00000000c4300000, 0x00000000eab00000)
  object space 68608K, 7% used [0x00000000c0000000,0x00000000c053ded8,0x00000000c4300000)
 Metaspace       used 15618K, committed 16192K, reserved 1114112K
  class space    used 1552K, committed 1792K, reserved 1048576K
}

Dll operation events (9 events):
Event: 0.015 Loaded shared library c:\Users\Admin\.vscode\extensions\redhat.java-1.41.1-win32-x64\jre\21.0.6-win32-x86_64\bin\java.dll
Event: 0.112 Loaded shared library c:\Users\Admin\.vscode\extensions\redhat.java-1.41.1-win32-x64\jre\21.0.6-win32-x86_64\bin\zip.dll
Event: 0.153 Loaded shared library C:\Users\Admin\.vscode\extensions\redhat.java-1.41.1-win32-x64\jre\21.0.6-win32-x86_64\bin\instrument.dll
Event: 0.161 Loaded shared library C:\Users\Admin\.vscode\extensions\redhat.java-1.41.1-win32-x64\jre\21.0.6-win32-x86_64\bin\net.dll
Event: 0.163 Loaded shared library C:\Users\Admin\.vscode\extensions\redhat.java-1.41.1-win32-x64\jre\21.0.6-win32-x86_64\bin\nio.dll
Event: 0.167 Loaded shared library C:\Users\Admin\.vscode\extensions\redhat.java-1.41.1-win32-x64\jre\21.0.6-win32-x86_64\bin\zip.dll
Event: 0.190 Loaded shared library C:\Users\Admin\.vscode\extensions\redhat.java-1.41.1-win32-x64\jre\21.0.6-win32-x86_64\bin\jimage.dll
Event: 0.299 Loaded shared library c:\Users\Admin\.vscode\extensions\redhat.java-1.41.1-win32-x64\jre\21.0.6-win32-x86_64\bin\verify.dll
Event: 2.343 Loaded shared library C:\Users\Admin\AppData\Roaming\Code\User\globalStorage\redhat.java\1.41.1\config_ss_win\org.eclipse.equinox.launcher\org.eclipse.equinox.launcher.win32.win32.x86_64_1.2.1300.v20250331-1702\eclipse_11911.dll

Deoptimization events (20 events):
Event: 4.678 Thread 0x000002c8138adb20 Uncommon trap: trap_request=0xffffffde fr.pc=0x000002c7c7099a14 relative=0x00000000000003b4
Event: 4.678 Thread 0x000002c8138adb20 Uncommon trap: reason=class_check action=maybe_recompile pc=0x000002c7c7099a14 method=java.util.regex.Pattern$BmpCharPropertyGreedy.match(Ljava/util/regex/Matcher;ILjava/lang/CharSequence;)Z @ 70 c2
Event: 4.678 Thread 0x000002c8138adb20 DEOPT PACKING pc=0x000002c7c7099a14 sp=0x000000e0bd0f2db0
Event: 4.678 Thread 0x000002c8138adb20 DEOPT UNPACKING pc=0x000002c7c6a76da2 sp=0x000000e0bd0f2d58 mode 2
Event: 4.678 Thread 0x000002c8138adb20 Uncommon trap: trap_request=0xffffffde fr.pc=0x000002c7c7099a14 relative=0x00000000000003b4
Event: 4.678 Thread 0x000002c8138adb20 Uncommon trap: reason=class_check action=maybe_recompile pc=0x000002c7c7099a14 method=java.util.regex.Pattern$BmpCharPropertyGreedy.match(Ljava/util/regex/Matcher;ILjava/lang/CharSequence;)Z @ 70 c2
Event: 4.678 Thread 0x000002c8138adb20 DEOPT PACKING pc=0x000002c7c7099a14 sp=0x000000e0bd0f2c30
Event: 4.678 Thread 0x000002c8138adb20 DEOPT UNPACKING pc=0x000002c7c6a76da2 sp=0x000000e0bd0f2bd8 mode 2
Event: 4.678 Thread 0x000002c8138adb20 Uncommon trap: trap_request=0xffffff45 fr.pc=0x000002c7c7098b10 relative=0x0000000000000650
Event: 4.678 Thread 0x000002c8138adb20 Uncommon trap: reason=unstable_if action=reinterpret pc=0x000002c7c7098b10 method=java.util.regex.Matcher.search(I)Z @ 30 c2
Event: 4.678 Thread 0x000002c8138adb20 DEOPT PACKING pc=0x000002c7c7098b10 sp=0x000000e0bd0f3130
Event: 4.678 Thread 0x000002c8138adb20 DEOPT UNPACKING pc=0x000002c7c6a76da2 sp=0x000000e0bd0f3120 mode 2
Event: 4.678 Thread 0x000002c8138adb20 Uncommon trap: trap_request=0xffffffde fr.pc=0x000002c7c7099a14 relative=0x00000000000003b4
Event: 4.678 Thread 0x000002c8138adb20 Uncommon trap: reason=class_check action=maybe_recompile pc=0x000002c7c7099a14 method=java.util.regex.Pattern$BmpCharPropertyGreedy.match(Ljava/util/regex/Matcher;ILjava/lang/CharSequence;)Z @ 70 c2
Event: 4.678 Thread 0x000002c8138adb20 DEOPT PACKING pc=0x000002c7c7099a14 sp=0x000000e0bd0f2dc0
Event: 4.678 Thread 0x000002c8138adb20 DEOPT UNPACKING pc=0x000002c7c6a76da2 sp=0x000000e0bd0f2d68 mode 2
Event: 4.678 Thread 0x000002c8138adb20 Uncommon trap: trap_request=0xffffffde fr.pc=0x000002c7c7099a14 relative=0x00000000000003b4
Event: 4.678 Thread 0x000002c8138adb20 Uncommon trap: reason=class_check action=maybe_recompile pc=0x000002c7c7099a14 method=java.util.regex.Pattern$BmpCharPropertyGreedy.match(Ljava/util/regex/Matcher;ILjava/lang/CharSequence;)Z @ 70 c2
Event: 4.678 Thread 0x000002c8138adb20 DEOPT PACKING pc=0x000002c7c7099a14 sp=0x000000e0bd0f2c40
Event: 4.678 Thread 0x000002c8138adb20 DEOPT UNPACKING pc=0x000002c7c6a76da2 sp=0x000000e0bd0f2be8 mode 2

Classes loaded (20 events):
Event: 4.718 Loading class java/io/StringReader
Event: 4.719 Loading class java/io/StringReader done
Event: 4.731 Loading class java/util/zip/GZIPInputStream
Event: 4.731 Loading class java/util/zip/GZIPInputStream done
Event: 4.736 Loading class java/net/SocketTimeoutException
Event: 4.736 Loading class java/io/InterruptedIOException
Event: 4.736 Loading class java/io/InterruptedIOException done
Event: 4.736 Loading class java/net/SocketTimeoutException done
Event: 4.736 Loading class java/net/SocketException
Event: 4.736 Loading class java/net/SocketException done
Event: 4.736 Loading class java/net/UnknownHostException
Event: 4.737 Loading class java/net/UnknownHostException done
Event: 4.737 Loading class java/net/ProtocolException
Event: 4.737 Loading class java/net/ProtocolException done
Event: 4.835 Loading class java/lang/ThreadLocal$SuppliedThreadLocal
Event: 4.835 Loading class java/lang/ThreadLocal$SuppliedThreadLocal done
Event: 4.864 Loading class java/io/FileWriter
Event: 4.870 Loading class java/io/FileWriter done
Event: 4.870 Loading class java/lang/NegativeArraySizeException
Event: 4.871 Loading class java/lang/NegativeArraySizeException done

Classes unloaded (0 events):
No events

Classes redefined (0 events):
No events

Internal exceptions (20 events):
Event: 3.703 Thread 0x000002c8138adb20 Exception <a 'java/lang/NoSuchMethodError'{0x00000000ec201f60}: 'java.lang.Object java.lang.invoke.DirectMethodHandle$Holder.invokeVirtual(java.lang.Object, java.lang.Object, java.lang.Object)'> (0x00000000ec201f60) 
thrown [s\src\hotspot\share\interpreter\linkResolver.cpp, line 773]
Event: 3.708 Thread 0x000002c8138adb20 Exception <a 'java/lang/NoSuchMethodError'{0x00000000ec219b50}: 'java.lang.Object java.lang.invoke.DelegatingMethodHandle$Holder.reinvoke_L(java.lang.Object, java.lang.Object, java.lang.Object, java.lang.Object, int, int)'> (0x00000000ec219b50) 
thrown [s\src\hotspot\share\interpreter\linkResolver.cpp, line 773]
Event: 3.716 Thread 0x000002c8138adb20 Exception <a 'java/lang/NoSuchMethodError'{0x00000000ec2362b8}: 'java.lang.Object java.lang.invoke.DirectMethodHandle$Holder.newInvokeSpecial(java.lang.Object, java.lang.Object, java.lang.Object, java.lang.Object, java.lang.Object, java.lang.Object)'> (0x00000000ec2362b8) 
thrown [s\src\hotspot\share\interpreter\linkResolver.cpp, line 773]
Event: 3.721 Thread 0x000002c8138adb20 Exception <a 'java/lang/NoSuchMethodError'{0x00000000ec2620b0}: 'void java.lang.invoke.Invokers$Holder.invokeExact_MT(java.lang.Object, java.lang.Object, java.lang.Object, java.lang.Object)'> (0x00000000ec2620b0) 
thrown [s\src\hotspot\share\interpreter\linkResolver.cpp, line 773]
Event: 3.855 Thread 0x000002c8138adb20 Exception <a 'java/io/FileNotFoundException'{0x00000000ec3ab028}> (0x00000000ec3ab028) 
thrown [s\src\hotspot\share\prims\jni.cpp, line 520]
Event: 3.856 Thread 0x000002c8138adb20 Exception <a 'java/io/FileNotFoundException'{0x00000000ec3b1af8}> (0x00000000ec3b1af8) 
thrown [s\src\hotspot\share\prims\jni.cpp, line 520]
Event: 4.230 Thread 0x000002c8138adb20 Exception <a 'java/lang/NoSuchMethodError'{0x00000000eb054740}: 'java.lang.Object java.lang.invoke.DirectMethodHandle$Holder.newInvokeSpecial(java.lang.Object, java.lang.Object, java.lang.Object, java.lang.Object, java.lang.Object)'> (0x00000000eb054740) 
thrown [s\src\hotspot\share\interpreter\linkResolver.cpp, line 773]
Event: 4.288 Thread 0x000002c8138adb20 Exception <a 'java/lang/NoSuchMethodError'{0x00000000eb131258}: 'java.lang.Object java.lang.invoke.DirectMethodHandle$Holder.invokeSpecial(java.lang.Object, java.lang.Object, java.lang.Object, long, java.lang.Object)'> (0x00000000eb131258) 
thrown [s\src\hotspot\share\interpreter\linkResolver.cpp, line 773]
Event: 4.289 Thread 0x000002c8138adb20 Exception <a 'java/lang/NoSuchMethodError'{0x00000000eb1389e8}: 'java.lang.Object java.lang.invoke.DirectMethodHandle$Holder.newInvokeSpecial(java.lang.Object, java.lang.Object, java.lang.Object, long)'> (0x00000000eb1389e8) 
thrown [s\src\hotspot\share\interpreter\linkResolver.cpp, line 773]
Event: 4.290 Thread 0x000002c8138adb20 Exception <a 'java/lang/NoSuchMethodError'{0x00000000eb13c668}: 'java.lang.Object java.lang.invoke.Invokers$Holder.linkToTargetMethod(java.lang.Object, java.lang.Object, long, java.lang.Object)'> (0x00000000eb13c668) 
thrown [s\src\hotspot\share\interpreter\linkResolver.cpp, line 773]
Event: 4.430 Thread 0x000002c8138adb20 Exception <a 'java/lang/NoSuchMethodError'{0x00000000eb1ade50}: 'int java.lang.invoke.DirectMethodHandle$Holder.invokeStaticInit(java.lang.Object, java.lang.Object, java.lang.Object)'> (0x00000000eb1ade50) 
thrown [s\src\hotspot\share\interpreter\linkResolver.cpp, line 773]
Event: 4.452 Thread 0x000002c8138adb20 Exception <a 'java/lang/IncompatibleClassChangeError'{0x00000000eb23d978}: Found class java.lang.Object, but interface was expected> (0x00000000eb23d978) 
thrown [s\src\hotspot\share\interpreter\linkResolver.cpp, line 840]
Event: 4.453 Thread 0x000002c8138adb20 Exception <a 'java/lang/NoSuchMethodError'{0x00000000eb2412d0}: 'java.lang.Object java.lang.invoke.DirectMethodHandle$Holder.invokeSpecial(java.lang.Object, java.lang.Object, java.lang.Object, int, java.lang.Object, java.lang.Object)'> (0x00000000eb2412d0) 
thrown [s\src\hotspot\share\interpreter\linkResolver.cpp, line 773]
Event: 4.457 Thread 0x000002c8138adb20 Exception <a 'java/lang/NoSuchMethodError'{0x00000000eb248b68}: 'java.lang.Object java.lang.invoke.DirectMethodHandle$Holder.newInvokeSpecial(java.lang.Object, java.lang.Object, java.lang.Object, int, java.lang.Object)'> (0x00000000eb248b68) 
thrown [s\src\hotspot\share\interpreter\linkResolver.cpp, line 773]
Event: 4.458 Thread 0x000002c8138adb20 Exception <a 'java/lang/NoSuchMethodError'{0x00000000eb24c658}: 'java.lang.Object java.lang.invoke.Invokers$Holder.linkToTargetMethod(java.lang.Object, java.lang.Object, int, java.lang.Object, java.lang.Object)'> (0x00000000eb24c658) 
thrown [s\src\hotspot\share\interpreter\linkResolver.cpp, line 773]
Event: 4.459 Thread 0x000002c8138ad490 Exception <a 'java/lang/NoSuchMethodError'{0x00000000eb18e680}: 'java.lang.Object java.lang.invoke.DirectMethodHandle$Holder.invokeSpecial(java.lang.Object, java.lang.Object, int, java.lang.Object, java.lang.Object)'> (0x00000000eb18e680) 
thrown [s\src\hotspot\share\interpreter\linkResolver.cpp, line 773]
Event: 4.460 Thread 0x000002c8138ad490 Exception <a 'java/lang/NoSuchMethodError'{0x00000000eb1953b8}: 'java.lang.Object java.lang.invoke.DirectMethodHandle$Holder.newInvokeSpecial(java.lang.Object, java.lang.Object, int, java.lang.Object)'> (0x00000000eb1953b8) 
thrown [s\src\hotspot\share\interpreter\linkResolver.cpp, line 773]
Event: 4.559 Thread 0x000002c8138adb20 Exception <a 'java/lang/NoSuchMethodError'{0x00000000eb3799f0}: 'void java.lang.invoke.DirectMethodHandle$Holder.invokeSpecial(java.lang.Object, java.lang.Object, java.lang.Object, java.lang.Object, java.lang.Object)'> (0x00000000eb3799f0) 
thrown [s\src\hotspot\share\interpreter\linkResolver.cpp, line 773]
Event: 4.640 Thread 0x000002c8138adb20 Exception <a 'java/lang/NoSuchMethodError'{0x00000000eb5868e0}: 'double java.lang.invoke.DirectMethodHandle$Holder.invokeStatic(java.lang.Object, java.lang.Object)'> (0x00000000eb5868e0) 
thrown [s\src\hotspot\share\interpreter\linkResolver.cpp, line 773]
Event: 4.640 Thread 0x000002c8138adb20 Exception <a 'java/lang/NoSuchMethodError'{0x00000000eb589fa0}: 'double java.lang.invoke.DirectMethodHandle$Holder.invokeStaticInit(java.lang.Object, java.lang.Object)'> (0x00000000eb589fa0) 
thrown [s\src\hotspot\share\interpreter\linkResolver.cpp, line 773]

ZGC Phase Switch (0 events):
No events

VM Operations (20 events):
Event: 2.040 Executing VM operation: HandshakeAllThreads (Deoptimize)
Event: 2.040 Executing VM operation: HandshakeAllThreads (Deoptimize) done
Event: 2.423 Executing VM operation: ICBufferFull
Event: 2.424 Executing VM operation: ICBufferFull done
Event: 2.667 Executing VM operation: ParallelGCFailedAllocation (Allocation Failure)
Event: 2.674 Executing VM operation: ParallelGCFailedAllocation (Allocation Failure) done
Event: 2.699 Executing VM operation: HandshakeAllThreads (Deoptimize)
Event: 2.699 Executing VM operation: HandshakeAllThreads (Deoptimize) done
Event: 3.056 Executing VM operation: HandshakeAllThreads (Deoptimize)
Event: 3.056 Executing VM operation: HandshakeAllThreads (Deoptimize) done
Event: 3.865 Executing VM operation: ParallelGCFailedAllocation (Allocation Failure)
Event: 3.871 Executing VM operation: ParallelGCFailedAllocation (Allocation Failure) done
Event: 3.926 Executing VM operation: HandshakeAllThreads (Deoptimize)
Event: 3.926 Executing VM operation: HandshakeAllThreads (Deoptimize) done
Event: 4.028 Executing VM operation: HandshakeAllThreads (Deoptimize)
Event: 4.028 Executing VM operation: HandshakeAllThreads (Deoptimize) done
Event: 4.051 Executing VM operation: HandshakeAllThreads (Deoptimize)
Event: 4.052 Executing VM operation: HandshakeAllThreads (Deoptimize) done
Event: 5.039 Executing VM operation: ParallelGCFailedAllocation (Allocation Failure)
Event: 5.044 Executing VM operation: ParallelGCFailedAllocation (Allocation Failure) done

Memory protections (0 events):
No events

Nmethod flushes (0 events):
No events

Events (19 events):
Event: 0.038 Thread 0x000002c7bc2f9c50 Thread added: 0x000002c7bc2f9c50
Event: 0.061 Thread 0x000002c7bc2f9c50 Thread added: 0x000002c8137944b0
Event: 0.062 Thread 0x000002c7bc2f9c50 Thread added: 0x000002c7d06ec7d0
Event: 0.062 Thread 0x000002c7bc2f9c50 Thread added: 0x000002c813795f90
Event: 0.062 Thread 0x000002c7bc2f9c50 Thread added: 0x000002c813797eb0
Event: 0.062 Thread 0x000002c7bc2f9c50 Thread added: 0x000002c81379b2b0
Event: 0.062 Thread 0x000002c7bc2f9c50 Thread added: 0x000002c8137c2410
Event: 0.062 Thread 0x000002c7bc2f9c50 Thread added: 0x000002c8137c5980
Event: 0.062 Thread 0x000002c7bc2f9c50 Thread added: 0x000002c8137cdc80
Event: 0.095 Thread 0x000002c7bc2f9c50 Thread added: 0x000002c8138afbf0
Event: 0.423 Thread 0x000002c7bc2f9c50 Thread added: 0x000002c8138af560
Event: 1.891 Thread 0x000002c7bc2f9c50 Thread added: 0x000002c8138ae1b0
Event: 2.319 Thread 0x000002c7bc2f9c50 Thread added: 0x000002c8138ae840
Event: 2.332 Thread 0x000002c7bc2f9c50 Thread added: 0x000002c8138adb20
Event: 2.495 Thread 0x000002c8138adb20 Thread added: 0x000002c8138aeed0
Event: 3.032 Thread 0x000002c8138adb20 Thread added: 0x000002c8138b0280
Event: 3.571 Thread 0x000002c8138adb20 Thread added: 0x000002c8138b0910
Event: 4.298 Thread 0x000002c8138adb20 Thread added: 0x000002c8138ad490
Event: 4.460 Thread 0x000002c8138adb20 Thread added: 0x000002c818a6c160


Dynamic libraries:
0x00007ff7406d0000 - 0x00007ff7406de000 	c:\Users\Admin\.vscode\extensions\redhat.java-1.41.1-win32-x64\jre\21.0.6-win32-x86_64\bin\java.exe
0x00007ff9c2830000 - 0x00007ff9c2a47000 	C:\WINDOWS\SYSTEM32\ntdll.dll
0x00007ff9c1600000 - 0x00007ff9c16c4000 	C:\WINDOWS\System32\KERNEL32.DLL
0x00007ff9bfa70000 - 0x00007ff9bfe43000 	C:\WINDOWS\System32\KERNELBASE.dll
0x00007ff9bfe50000 - 0x00007ff9bff61000 	C:\WINDOWS\System32\ucrtbase.dll
0x00007ff988fc0000 - 0x00007ff988fd8000 	c:\Users\Admin\.vscode\extensions\redhat.java-1.41.1-win32-x64\jre\21.0.6-win32-x86_64\bin\jli.dll
0x00007ff9c1a10000 - 0x00007ff9c1bc1000 	C:\WINDOWS\System32\USER32.dll
0x00007ff9c03e0000 - 0x00007ff9c0406000 	C:\WINDOWS\System32\win32u.dll
0x00007ff983ce0000 - 0x00007ff983cfe000 	c:\Users\Admin\.vscode\extensions\redhat.java-1.41.1-win32-x64\jre\21.0.6-win32-x86_64\bin\VCRUNTIME140.dll
0x00007ff9c1c30000 - 0x00007ff9c1c59000 	C:\WINDOWS\System32\GDI32.dll
0x00007ff9c00b0000 - 0x00007ff9c01cb000 	C:\WINDOWS\System32\gdi32full.dll
0x00007ff9a2ad0000 - 0x00007ff9a2d68000 	C:\WINDOWS\WinSxS\amd64_microsoft.windows.common-controls_6595b64144ccf1df_6.0.22621.5124_none_270e8f4f7386d69d\COMCTL32.dll
0x00007ff9c0340000 - 0x00007ff9c03da000 	C:\WINDOWS\System32\msvcp_win.dll
0x00007ff9c2280000 - 0x00007ff9c2327000 	C:\WINDOWS\System32\msvcrt.dll
0x00007ff9c04d0000 - 0x00007ff9c0501000 	C:\WINDOWS\System32\IMM32.DLL
0x00007ff99be90000 - 0x00007ff99be9c000 	c:\Users\Admin\.vscode\extensions\redhat.java-1.41.1-win32-x64\jre\21.0.6-win32-x86_64\bin\vcruntime140_1.dll
0x00007ff974790000 - 0x00007ff97481d000 	c:\Users\Admin\.vscode\extensions\redhat.java-1.41.1-win32-x64\jre\21.0.6-win32-x86_64\bin\msvcp140.dll
0x00007ff904da0000 - 0x00007ff905b30000 	c:\Users\Admin\.vscode\extensions\redhat.java-1.41.1-win32-x64\jre\21.0.6-win32-x86_64\bin\server\jvm.dll
0x00007ff9c1d30000 - 0x00007ff9c1de1000 	C:\WINDOWS\System32\ADVAPI32.dll
0x00007ff9c1c60000 - 0x00007ff9c1d08000 	C:\WINDOWS\System32\sechost.dll
0x00007ff9bf940000 - 0x00007ff9bf968000 	C:\WINDOWS\System32\bcrypt.dll
0x00007ff9c09f0000 - 0x00007ff9c0b04000 	C:\WINDOWS\System32\RPCRT4.dll
0x00007ff9c1580000 - 0x00007ff9c15f1000 	C:\WINDOWS\System32\WS2_32.dll
0x00007ff9bf260000 - 0x00007ff9bf2ad000 	C:\WINDOWS\SYSTEM32\POWRPROF.dll
0x00007ff9b6c70000 - 0x00007ff9b6c7a000 	C:\WINDOWS\SYSTEM32\VERSION.dll
0x00007ff9b9bc0000 - 0x00007ff9b9bf4000 	C:\WINDOWS\SYSTEM32\WINMM.dll
0x00007ff9bf240000 - 0x00007ff9bf253000 	C:\WINDOWS\SYSTEM32\UMPDC.dll
0x00007ff9be930000 - 0x00007ff9be948000 	C:\WINDOWS\SYSTEM32\kernel.appcore.dll
0x00007ff99bc70000 - 0x00007ff99bc7a000 	c:\Users\Admin\.vscode\extensions\redhat.java-1.41.1-win32-x64\jre\21.0.6-win32-x86_64\bin\jimage.dll
0x00007ff9bd0a0000 - 0x00007ff9bd2d2000 	C:\WINDOWS\SYSTEM32\DBGHELP.DLL
0x00007ff9c2330000 - 0x00007ff9c26c2000 	C:\WINDOWS\System32\combase.dll
0x00007ff9c0570000 - 0x00007ff9c0647000 	C:\WINDOWS\System32\OLEAUT32.dll
0x00007ff99a570000 - 0x00007ff99a5a2000 	C:\WINDOWS\SYSTEM32\dbgcore.DLL
0x00007ff9bf9f0000 - 0x00007ff9bfa6b000 	C:\WINDOWS\System32\bcryptPrimitives.dll
0x00007ff99ba50000 - 0x00007ff99ba5f000 	c:\Users\Admin\.vscode\extensions\redhat.java-1.41.1-win32-x64\jre\21.0.6-win32-x86_64\bin\instrument.dll
0x00007ff98db60000 - 0x00007ff98db7f000 	c:\Users\Admin\.vscode\extensions\redhat.java-1.41.1-win32-x64\jre\21.0.6-win32-x86_64\bin\java.dll
0x00007ff9c0ce0000 - 0x00007ff9c1576000 	C:\WINDOWS\System32\SHELL32.dll
0x00007ff9bff70000 - 0x00007ff9c00af000 	C:\WINDOWS\System32\wintypes.dll
0x00007ff9bd810000 - 0x00007ff9be12a000 	C:\WINDOWS\SYSTEM32\windows.storage.dll
0x00007ff9c26e0000 - 0x00007ff9c27ea000 	C:\WINDOWS\System32\SHCORE.dll
0x00007ff9c16d0000 - 0x00007ff9c1733000 	C:\WINDOWS\System32\shlwapi.dll
0x00007ff9bf870000 - 0x00007ff9bf89b000 	C:\WINDOWS\SYSTEM32\profapi.dll
0x00007ff98da30000 - 0x00007ff98da48000 	c:\Users\Admin\.vscode\extensions\redhat.java-1.41.1-win32-x64\jre\21.0.6-win32-x86_64\bin\zip.dll
0x00007ff9a5ac0000 - 0x00007ff9a5ad0000 	C:\Users\Admin\.vscode\extensions\redhat.java-1.41.1-win32-x64\jre\21.0.6-win32-x86_64\bin\net.dll
0x00007ff9b9ff0000 - 0x00007ff9ba11c000 	C:\WINDOWS\SYSTEM32\WINHTTP.dll
0x00007ff9beda0000 - 0x00007ff9bee0a000 	C:\WINDOWS\system32\mswsock.dll
0x00007ff98da10000 - 0x00007ff98da26000 	C:\Users\Admin\.vscode\extensions\redhat.java-1.41.1-win32-x64\jre\21.0.6-win32-x86_64\bin\nio.dll
0x00007ff99fcb0000 - 0x00007ff99fcc0000 	c:\Users\Admin\.vscode\extensions\redhat.java-1.41.1-win32-x64\jre\21.0.6-win32-x86_64\bin\verify.dll
0x00007ff97b9c0000 - 0x00007ff97ba05000 	C:\Users\Admin\AppData\Roaming\Code\User\globalStorage\redhat.java\1.41.1\config_ss_win\org.eclipse.equinox.launcher\org.eclipse.equinox.launcher.win32.win32.x86_64_1.2.1300.v20250331-1702\eclipse_11911.dll
0x00007ff9c1860000 - 0x00007ff9c1a01000 	C:\WINDOWS\System32\ole32.dll

dbghelp: loaded successfully - version: 4.0.5 - missing functions: none
symbol engine: initialized successfully - sym options: 0x614 - pdb path: .;c:\Users\Admin\.vscode\extensions\redhat.java-1.41.1-win32-x64\jre\21.0.6-win32-x86_64\bin;C:\WINDOWS\SYSTEM32;C:\WINDOWS\WinSxS\amd64_microsoft.windows.common-controls_6595b64144ccf1df_6.0.22621.5124_none_270e8f4f7386d69d;c:\Users\Admin\.vscode\extensions\redhat.java-1.41.1-win32-x64\jre\21.0.6-win32-x86_64\bin\server;C:\Users\Admin\AppData\Roaming\Code\User\globalStorage\redhat.java\1.41.1\config_ss_win\org.eclipse.equinox.launcher\org.eclipse.equinox.launcher.win32.win32.x86_64_1.2.1300.v20250331-1702

VM Arguments:
jvm_args: --add-modules=ALL-SYSTEM --add-opens=java.base/java.util=ALL-UNNAMED --add-opens=java.base/java.lang=ALL-UNNAMED --add-opens=java.base/sun.nio.fs=ALL-UNNAMED -Declipse.application=org.eclipse.jdt.ls.core.id1 -Dosgi.bundles.defaultStartLevel=4 -Declipse.product=org.eclipse.jdt.ls.core.product -Djava.import.generatesMetadataFilesAtProjectRoot=false -DDetectVMInstallationsJob.disabled=true -Dfile.encoding=utf8 -XX:+UseParallelGC -XX:GCTimeRatio=4 -XX:AdaptiveSizePolicyWeight=90 -Dsun.zip.disableMemoryMapping=true -Xmx1G -Xms100m -Xlog:disable -javaagent:c:\Users\Admin\.vscode\extensions\redhat.java-1.41.1-win32-x64\lombok\lombok-1.18.36.jar 
java_command: c:\Users\Admin\.vscode\extensions\redhat.java-1.41.1-win32-x64\server\plugins\org.eclipse.equinox.launcher_1.7.0.v20250331-1702.jar -configuration c:\Users\Admin\AppData\Roaming\Code\User\globalStorage\redhat.java\1.41.1\config_ss_win -data c:\Users\Admin\AppData\Roaming\Code\User\workspaceStorage\3875dbbb7408aeb270af0e22020d43a3\redhat.java\ss_ws --pipe=\\.\pipe\lsp-ca4f0b2dc0b8646395629ffc60b40f36-sock
java_class_path (initial): c:\Users\Admin\.vscode\extensions\redhat.java-1.41.1-win32-x64\server\plugins\org.eclipse.equinox.launcher_1.7.0.v20250331-1702.jar
Launcher Type: SUN_STANDARD

[Global flags]
    uintx AdaptiveSizePolicyWeight                 = 90                                        {product} {command line}
     intx CICompilerCount                          = 4                                         {product} {ergonomic}
    uintx GCTimeRatio                              = 4                                         {product} {command line}
   size_t InitialHeapSize                          = 104857600                                 {product} {command line}
   size_t MaxHeapSize                              = 1073741824                                {product} {command line}
   size_t MaxNewSize                               = 357564416                                 {product} {ergonomic}
   size_t MinHeapDeltaBytes                        = 524288                                    {product} {ergonomic}
   size_t MinHeapSize                              = 104857600                                 {product} {command line}
   size_t NewSize                                  = 34603008                                  {product} {ergonomic}
    uintx NonNMethodCodeHeapSize                   = 5839372                                {pd product} {ergonomic}
    uintx NonProfiledCodeHeapSize                  = 122909434                              {pd product} {ergonomic}
   size_t OldSize                                  = 70254592                                  {product} {ergonomic}
    uintx ProfiledCodeHeapSize                     = 122909434                              {pd product} {ergonomic}
    uintx ReservedCodeCacheSize                    = 251658240                              {pd product} {ergonomic}
     bool SegmentedCodeCache                       = true                                      {product} {ergonomic}
   size_t SoftMaxHeapSize                          = 1073741824                             {manageable} {ergonomic}
     bool UseCompressedOops                        = true                           {product lp64_product} {ergonomic}
     bool UseLargePagesIndividualAllocation        = false                                  {pd product} {ergonomic}
     bool UseParallelGC                            = true                                      {product} {command line}

Logging:
Log output configuration:
 #0: stdout all=off uptime,level,tags foldmultilines=false
 #1: stderr all=off uptime,level,tags foldmultilines=false

Environment Variables:
PATH=D:\FULBRIGHT\SPRING 2025\cs2\jdk-17.0.12;C:\Program Files (x86)\Common Files\Oracle\Java\javapath;C:\WINDOWS\system32;C:\WINDOWS;C:\WINDOWS\System32\Wbem;C:\WINDOWS\System32\WindowsPowerShell\v1.0\;C:\WINDOWS\System32\OpenSSH\;D:\FULBRIGHT\SPRING 2025\cs2\jdk-17.0.12\bin;C:\Program Files\Git\cmd;%NVM_HOME%;%NVM_SYMLINK%;C:\Users\Admin\AppData\Local\Programs\Python\Python311\Scripts\;C:\Users\Admin\AppData\Local\Programs\Python\Python311\;C:\Users\Admin\AppData\Local\Programs\Python\Launcher\;C:\Users\Admin\AppData\Local\Microsoft\WindowsApps;D:\FULBRIGHT\SPRING 2025\cs2\Microsoft VS Code\bin;C:\Users\Admin\AppData\Local\GitHubDesktop\bin;D:\FULBRIGHT\Scripts\;D:\FULBRIGHT\bin\;C:\Users\Admin\AppData\Roaming\npm;C:\Users\Admin\AppData\Local\nvm;C:\nvm4w\nodejs
USERNAME=Admin
OS=Windows_NT
PROCESSOR_IDENTIFIER=Intel64 Family 6 Model 141 Stepping 1, GenuineIntel
TMP=C:\Users\Admin\AppData\Local\Temp
TEMP=C:\Users\Admin\AppData\Local\Temp




Periodic native trim disabled

---------------  S Y S T E M  ---------------

OS:
 Windows 11 , 64 bit Build 22621 (10.0.22621.5124)
OS uptime: 4 days 4:48 hours
Hyper-V role detected

CPU: total 12 (initial active 12) (6 cores per cpu, 2 threads per core) family 6 model 141 stepping 1 microcode 0x34, cx8, cmov, fxsr, ht, mmx, 3dnowpref, sse, sse2, sse3, ssse3, sse4.1, sse4.2, popcnt, lzcnt, tsc, tscinvbit, avx, avx2, aes, erms, clmul, bmi1, bmi2, adx, avx512f, avx512dq, avx512cd, avx512bw, avx512vl, sha, fma, vzeroupper, avx512_vpopcntdq, avx512_vpclmulqdq, avx512_vaes, avx512_vnni, clflush, clflushopt, clwb, avx512_vbmi2, avx512_vbmi, hv, rdtscp, rdpid, fsrm, gfni, avx512_bitalg, f16c, cet_ibt, cet_ss, avx512_ifma
Processor Information for the first 12 processors :
  Max Mhz: 2688, Current Mhz: 2688, Mhz Limit: 2688

Memory: 4k page, system-wide physical 7893M (381M free)
TotalPageFile size 23654M (AvailPageFile size 5M)
current process WorkingSet (physical memory assigned to process): 117M, peak: 117M
current process commit charge ("private bytes"): 230M, peak: 230M

vm_info: OpenJDK 64-Bit Server VM (21.0.6+7-LTS) for windows-amd64 JRE (21.0.6+7-LTS), built on 2025-01-21T00:00:00Z by "admin" with MS VC++ 17.7 (VS2022)

END.
