#
# There is insufficient memory for the Java Runtime Environment to continue.
# Native memory allocation (malloc) failed to allocate 354480 bytes. Error detail: Chunk::new
# Possible reasons:
#   The system is out of physical RAM or swap space
#   This process is running with CompressedOops enabled, and the Java Heap may be blocking the growth of the native heap
# Possible solutions:
#   Reduce memory load on the system
#   Increase physical memory or swap space
#   Check if swap backing store is full
#   Decrease Java heap size (-Xmx/-Xms)
#   Decrease number of Java threads
#   Decrease Java thread stack sizes (-Xss)
#   Set larger code cache with -XX:ReservedCodeCacheSize=
#   JVM is running with Unscaled Compressed Oops mode in which the Java heap is
#     placed in the first 4GB address space. The Java Heap base address is the
#     maximum limit for the native heap growth. Please use -XX:HeapBaseMinAddress
#     to set the Java Heap base and to place the Java Heap above 4GB virtual address.
# This output file may be truncated or incomplete.
#
#  Out of Memory Error (arena.cpp:168), pid=19288, tid=12856
#
# JRE version: OpenJDK Runtime Environment Temurin-21.0.6+7 (21.0.6+7) (build 21.0.6+7-LTS)
# Java VM: OpenJDK 64-Bit Server VM Temurin-21.0.6+7 (21.0.6+7-LTS, mixed mode, sharing, tiered, compressed oops, compressed class ptrs, parallel gc, windows-amd64)
# No core dump will be written. Minidumps are not enabled by default on client versions of Windows
#

---------------  S U M M A R Y ------------

Command Line: --add-modules=ALL-SYSTEM --add-opens=java.base/java.util=ALL-UNNAMED --add-opens=java.base/java.lang=ALL-UNNAMED --add-opens=java.base/sun.nio.fs=ALL-UNNAMED -Declipse.application=org.eclipse.jdt.ls.core.id1 -Dosgi.bundles.defaultStartLevel=4 -Declipse.product=org.eclipse.jdt.ls.core.product -Djava.import.generatesMetadataFilesAtProjectRoot=false -DDetectVMInstallationsJob.disabled=true -Dfile.encoding=utf8 -XX:+UseParallelGC -XX:GCTimeRatio=4 -XX:AdaptiveSizePolicyWeight=90 -Dsun.zip.disableMemoryMapping=true -Xmx1G -Xms100m -Xlog:disable -javaagent:c:\Users\Admin\.vscode\extensions\redhat.java-1.41.1-win32-x64\lombok\lombok-1.18.36.jar -XX:+HeapDumpOnOutOfMemoryError -XX:HeapDumpPath=c:\Users\Admin\AppData\Roaming\Code\User\workspaceStorage\3875dbbb7408aeb270af0e22020d43a3\redhat.java -Daether.dependencyCollector.impl=bf c:\Users\Admin\.vscode\extensions\redhat.java-1.41.1-win32-x64\server\plugins\org.eclipse.equinox.launcher_1.7.0.v20250331-1702.jar -configuration c:\Users\Admin\AppData\Roaming\Code\User\globalStorage\redhat.java\1.41.1\config_win -data c:\Users\Admin\AppData\Roaming\Code\User\workspaceStorage\3875dbbb7408aeb270af0e22020d43a3\redhat.java\jdt_ws --pipe=\\.\pipe\lsp-35616b758b006b38370740f8f6d3fb3e-sock

Host: 11th Gen Intel(R) Core(TM) i5-11400H @ 2.70GHz, 12 cores, 7G,  Windows 11 , 64 bit Build 22621 (10.0.22621.5124)
Time: Sat Apr 26 15:17:59 2025 SE Asia Standard Time elapsed time: 10.435108 seconds (0d 0h 0m 10s)

---------------  T H R E A D  ---------------

Current thread (0x000002856b66c6c0):  JavaThread "C2 CompilerThread0" daemon [_thread_in_native, id=12856, stack(0x000000f263700000,0x000000f263800000) (1024K)]


Current CompileTask:
C2:10435 2166   !   4       java.lang.String::<init> (890 bytes)

Stack: [0x000000f263700000,0x000000f263800000]
Native frames: (J=compiled Java code, j=interpreted, Vv=VM code, C=native code)
V  [jvm.dll+0x6cdee9]
V  [jvm.dll+0x8a83d1]
V  [jvm.dll+0x8aa8fe]
V  [jvm.dll+0x8aafe3]
V  [jvm.dll+0x27f706]
V  [jvm.dll+0xc500d]
V  [jvm.dll+0xc5543]
V  [jvm.dll+0x3b678c]
V  [jvm.dll+0x382935]
V  [jvm.dll+0x381d9a]
V  [jvm.dll+0x2479f0]
V  [jvm.dll+0x246fcf]
V  [jvm.dll+0x1c75ee]
V  [jvm.dll+0x25685a]
V  [jvm.dll+0x254dfa]
V  [jvm.dll+0x3f0256]
V  [jvm.dll+0x851f8b]
V  [jvm.dll+0x6cc5ed]
C  [ucrtbase.dll+0x29333]
C  [KERNEL32.DLL+0x1259d]
C  [ntdll.dll+0x5af38]


---------------  P R O C E S S  ---------------

Threads class SMR info:
_java_thread_list=0x00000285701e91b0, length=16, elements={
0x00000285141dabe0, 0x000002856b6622a0, 0x000002856b6630b0, 0x000002856b664ab0,
0x000002856b666bf0, 0x000002856b667bf0, 0x000002856b66b850, 0x000002856b66c6c0,
0x000002856b6d6b30, 0x000002856b7491d0, 0x000002856b9445f0, 0x00000285708b01b0,
0x0000028570454b00, 0x000002857094f010, 0x000002857094f670, 0x000002856b9c7ef0
}

Java Threads: ( => current thread )
  0x00000285141dabe0 JavaThread "main"                              [_thread_blocked, id=18208, stack(0x000000f262d00000,0x000000f262e00000) (1024K)]
  0x000002856b6622a0 JavaThread "Reference Handler"          daemon [_thread_blocked, id=25404, stack(0x000000f263100000,0x000000f263200000) (1024K)]
  0x000002856b6630b0 JavaThread "Finalizer"                  daemon [_thread_blocked, id=23072, stack(0x000000f263200000,0x000000f263300000) (1024K)]
  0x000002856b664ab0 JavaThread "Signal Dispatcher"          daemon [_thread_blocked, id=9192, stack(0x000000f263300000,0x000000f263400000) (1024K)]
  0x000002856b666bf0 JavaThread "Attach Listener"            daemon [_thread_blocked, id=9600, stack(0x000000f263400000,0x000000f263500000) (1024K)]
  0x000002856b667bf0 JavaThread "Service Thread"             daemon [_thread_blocked, id=27020, stack(0x000000f263500000,0x000000f263600000) (1024K)]
  0x000002856b66b850 JavaThread "Monitor Deflation Thread"   daemon [_thread_blocked, id=19628, stack(0x000000f263600000,0x000000f263700000) (1024K)]
=>0x000002856b66c6c0 JavaThread "C2 CompilerThread0"         daemon [_thread_in_native, id=12856, stack(0x000000f263700000,0x000000f263800000) (1024K)]
  0x000002856b6d6b30 JavaThread "C1 CompilerThread0"         daemon [_thread_blocked, id=16520, stack(0x000000f263800000,0x000000f263900000) (1024K)]
  0x000002856b7491d0 JavaThread "Common-Cleaner"             daemon [_thread_blocked, id=6352, stack(0x000000f263900000,0x000000f263a00000) (1024K)]
  0x000002856b9445f0 JavaThread "Notification Thread"        daemon [_thread_blocked, id=19924, stack(0x000000f263a00000,0x000000f263b00000) (1024K)]
  0x00000285708b01b0 JavaThread "Active Thread: Equinox Container: 43473663-35fd-41af-8582-7857f5472369"        [_thread_blocked, id=16820, stack(0x000000f264100000,0x000000f264200000) (1024K)]
  0x0000028570454b00 JavaThread "Refresh Thread: Equinox Container: 43473663-35fd-41af-8582-7857f5472369" daemon [_thread_blocked, id=32408, stack(0x000000f264200000,0x000000f264300000) (1024K)]
  0x000002857094f010 JavaThread "Framework Event Dispatcher: Equinox Container: 43473663-35fd-41af-8582-7857f5472369" daemon [_thread_blocked, id=18696, stack(0x000000f264400000,0x000000f264500000) (1024K)]
  0x000002857094f670 JavaThread "Start Level: Equinox Container: 43473663-35fd-41af-8582-7857f5472369" daemon [_thread_in_native, id=32412, stack(0x000000f264500000,0x000000f264600000) (1024K)]
  0x000002856b9c7ef0 JavaThread "Bundle File Closer"         daemon [_thread_blocked, id=17284, stack(0x000000f264600000,0x000000f264700000) (1024K)]
Total: 16

Other Threads:
  0x00000285285b45c0 VMThread "VM Thread"                           [id=12304, stack(0x000000f263000000,0x000000f263100000) (1024K)]
  0x0000028514249630 WatcherThread "VM Periodic Task Thread"        [id=3192, stack(0x000000f262f00000,0x000000f263000000) (1024K)]
  0x00000285141fa160 WorkerThread "GC Thread#0"                     [id=23892, stack(0x000000f262e00000,0x000000f262f00000) (1024K)]
  0x0000028570410030 WorkerThread "GC Thread#1"                     [id=21752, stack(0x000000f263b00000,0x000000f263c00000) (1024K)]
  0x00000285702a40d0 WorkerThread "GC Thread#2"                     [id=34072, stack(0x000000f263c00000,0x000000f263d00000) (1024K)]
  0x00000285706cfca0 WorkerThread "GC Thread#3"                     [id=34048, stack(0x000000f263d00000,0x000000f263e00000) (1024K)]
  0x00000285706d0040 WorkerThread "GC Thread#4"                     [id=14296, stack(0x000000f263e00000,0x000000f263f00000) (1024K)]
  0x00000285706d03e0 WorkerThread "GC Thread#5"                     [id=26564, stack(0x000000f263f00000,0x000000f264000000) (1024K)]
  0x00000285706d0780 WorkerThread "GC Thread#6"                     [id=28404, stack(0x000000f264000000,0x000000f264100000) (1024K)]
  0x000002857044d440 WorkerThread "GC Thread#7"                     [id=11652, stack(0x000000f264300000,0x000000f264400000) (1024K)]
Total: 10

Threads with active compile tasks:
C2 CompilerThread0  10462 2166   !   4       java.lang.String::<init> (890 bytes)
Total: 1

VM state: not at safepoint (normal execution)

VM Mutex/Monitor currently owned by a thread: None

Heap address: 0x00000000c0000000, size: 1024 MB, Compressed Oops mode: 32-bit

CDS archive(s) mapped at: [0x0000028529000000-0x0000028529ba0000-0x0000028529ba0000), size 12189696, SharedBaseAddress: 0x0000028529000000, ArchiveRelocationMode: 1.
Compressed class space mapped at: 0x000002852a000000-0x000002856a000000, reserved size: 1073741824
Narrow klass base: 0x0000028529000000, Narrow klass shift: 0, Narrow klass range: 0x100000000

GC Precious Log:
 CardTable entry size: 512
 CPUs: 12 total, 12 available
 Memory: 7893M
 Large Page Support: Disabled
 NUMA Support: Disabled
 Compressed Oops: Enabled (32-bit)
 Alignments: Space 512K, Generation 512K, Heap 2M
 Heap Min Capacity: 100M
 Heap Initial Capacity: 100M
 Heap Max Capacity: 1G
 Pre-touch: Disabled
 Parallel Workers: 10

Heap:
 PSYoungGen      total 29696K, used 26901K [0x00000000eab00000, 0x00000000ecc00000, 0x0000000100000000)
  eden space 25600K, 89% used [0x00000000eab00000,0x00000000ec1482a0,0x00000000ec400000)
  from space 4096K, 99% used [0x00000000ec800000,0x00000000ecbfd168,0x00000000ecc00000)
  to   space 4096K, 0% used [0x00000000ec400000,0x00000000ec400000,0x00000000ec800000)
 ParOldGen       total 68608K, used 1700K [0x00000000c0000000, 0x00000000c4300000, 0x00000000eab00000)
  object space 68608K, 2% used [0x00000000c0000000,0x00000000c01a91a0,0x00000000c4300000)
 Metaspace       used 9107K, committed 9472K, reserved 1114112K
  class space    used 915K, committed 1088K, reserved 1048576K

Card table byte_map: [0x0000028513b90000,0x0000028513da0000] _byte_map_base: 0x0000028513590000

Marking Bits: (ParMarkBitMap*) 0x00007ff905a53260
 Begin Bits: [0x00000285263d0000, 0x00000285273d0000)
 End Bits:   [0x00000285273d0000, 0x00000285283d0000)

Polling page: 0x0000028511e80000

Metaspace:

Usage:
  Non-class:      8.00 MB used.
      Class:    915.49 KB used.
       Both:      8.89 MB used.

Virtual space:
  Non-class space:       64.00 MB reserved,       8.19 MB ( 13%) committed,  1 nodes.
      Class space:        1.00 GB reserved,       1.06 MB ( <1%) committed,  1 nodes.
             Both:        1.06 GB reserved,       9.25 MB ( <1%) committed. 

Chunk freelists:
   Non-Class:  6.94 MB
       Class:  14.83 MB
        Both:  21.76 MB

MaxMetaspaceSize: unlimited
CompressedClassSpaceSize: 1.00 GB
Initial GC threshold: 21.00 MB
Current GC threshold: 21.00 MB
CDS: on
 - commit_granule_bytes: 65536.
 - commit_granule_words: 8192.
 - virtual_space_node_default_size: 8388608.
 - enlarge_chunks_in_place: 1.
 - use_allocation_guard: 0.


Internal statistics:

num_allocs_failed_limit: 0.
num_arena_births: 252.
num_arena_deaths: 0.
num_vsnodes_births: 2.
num_vsnodes_deaths: 0.
num_space_committed: 148.
num_space_uncommitted: 0.
num_chunks_returned_to_freelist: 0.
num_chunks_taken_from_freelist: 480.
num_chunk_merges: 0.
num_chunk_splits: 312.
num_chunks_enlarged: 208.
num_inconsistent_stats: 0.

CodeHeap 'non-profiled nmethods': size=120000Kb used=949Kb max_used=949Kb free=119050Kb
 bounds [0x000002851eea0000, 0x000002851f110000, 0x00000285263d0000]
CodeHeap 'profiled nmethods': size=120000Kb used=4084Kb max_used=4084Kb free=115915Kb
 bounds [0x00000285173d0000, 0x00000285177d0000, 0x000002851e900000]
CodeHeap 'non-nmethods': size=5760Kb used=1238Kb max_used=1263Kb free=4521Kb
 bounds [0x000002851e900000, 0x000002851eb70000, 0x000002851eea0000]
 total_blobs=2657 nmethods=2166 adapters=397
 compilation: enabled
              stopped_count=0, restarted_count=0
 full_count=0

Compilation events (20 events):
Event: 8.135 Thread 0x000002856b6d6b30 nmethod 2149 0x00000285177c9090 code [0x00000285177c9280, 0x00000285177c96e0]
Event: 8.753 Thread 0x000002856b66c6c0 2151       4       java.util.HashMap::tableSizeFor (32 bytes)
Event: 8.754 Thread 0x000002856b66c6c0 nmethod 2151 0x000002851ef8a890 code [0x000002851ef8aa20, 0x000002851ef8aac0]
Event: 9.049 Thread 0x000002856b6d6b30 2152       3       java.lang.StringCoding::countPositives (33 bytes)
Event: 9.049 Thread 0x000002856b6d6b30 nmethod 2152 0x00000285177c9890 code [0x00000285177c9a40, 0x00000285177c9c60]
Event: 9.550 Thread 0x000002856b66c6c0 2153       4       java.util.jar.Manifest$FastInputStream::readLine (296 bytes)
Event: 9.554 Thread 0x000002856b6d6b30 2154       1       org.eclipse.osgi.internal.hookregistry.HookRegistry::getBundleFileWrapperFactoryHooks (5 bytes)
Event: 9.554 Thread 0x000002856b6d6b30 nmethod 2154 0x000002851ef8ab90 code [0x000002851ef8ad20, 0x000002851ef8ade8]
Event: 9.554 Thread 0x000002856b6d6b30 2155       3       sun.nio.fs.NativeBuffers::releaseNativeBuffer (97 bytes)
Event: 9.556 Thread 0x000002856b6d6b30 nmethod 2155 0x00000285177c9d90 code [0x00000285177ca100, 0x00000285177cba28]
Event: 9.563 Thread 0x000002856b66c6c0 nmethod 2153 0x000002851ef8b290 code [0x000002851ef8b460, 0x000002851ef8bb70]
Event: 9.824 Thread 0x000002856b6d6b30 2159       3       java.util.concurrent.locks.LockSupport::setBlocker (12 bytes)
Event: 9.824 Thread 0x000002856b6d6b30 nmethod 2159 0x00000285177cc110 code [0x00000285177cc2c0, 0x00000285177cc4c8]
Event: 9.824 Thread 0x000002856b6d6b30 2160       3       jdk.internal.misc.Unsafe::putReferenceOpaque (9 bytes)
Event: 9.824 Thread 0x000002856b6d6b30 nmethod 2160 0x00000285177cc590 code [0x00000285177cc720, 0x00000285177cc850]
Event: 10.049 Thread 0x000002856b6d6b30 2161       3       org.eclipse.osgi.framework.eventmgr.CopyOnWriteIdentityMap$Snapshot$SnapshotIterator::hasNext (15 bytes)
Event: 10.049 Thread 0x000002856b6d6b30 nmethod 2161 0x00000285177cc910 code [0x00000285177ccac0, 0x00000285177ccc38]
Event: 10.188 Thread 0x000002856b6d6b30 2164       3       java.util.concurrent.locks.AbstractQueuedSynchronizer::casTail (13 bytes)
Event: 10.188 Thread 0x000002856b6d6b30 nmethod 2164 0x00000285177ccd10 code [0x00000285177ccea0, 0x00000285177ccfe0]
Event: 10.395 Thread 0x000002856b66c6c0 2166   !   4       java.lang.String::<init> (890 bytes)

GC Heap History (4 events):
Event: 1.352 GC heap before
{Heap before GC invocations=1 (full 0):
 PSYoungGen      total 29696K, used 25600K [0x00000000eab00000, 0x00000000ecc00000, 0x0000000100000000)
  eden space 25600K, 100% used [0x00000000eab00000,0x00000000ec400000,0x00000000ec400000)
  from space 4096K, 0% used [0x00000000ec800000,0x00000000ec800000,0x00000000ecc00000)
  to   space 4096K, 0% used [0x00000000ec400000,0x00000000ec400000,0x00000000ec800000)
 ParOldGen       total 68608K, used 0K [0x00000000c0000000, 0x00000000c4300000, 0x00000000eab00000)
  object space 68608K, 0% used [0x00000000c0000000,0x00000000c0000000,0x00000000c4300000)
 Metaspace       used 4331K, committed 4544K, reserved 1114112K
  class space    used 437K, committed 512K, reserved 1048576K
}
Event: 1.369 GC heap after
{Heap after GC invocations=1 (full 0):
 PSYoungGen      total 29696K, used 3214K [0x00000000eab00000, 0x00000000ecc00000, 0x0000000100000000)
  eden space 25600K, 0% used [0x00000000eab00000,0x00000000eab00000,0x00000000ec400000)
  from space 4096K, 78% used [0x00000000ec400000,0x00000000ec723aa0,0x00000000ec800000)
  to   space 4096K, 0% used [0x00000000ec800000,0x00000000ec800000,0x00000000ecc00000)
 ParOldGen       total 68608K, used 0K [0x00000000c0000000, 0x00000000c4300000, 0x00000000eab00000)
  object space 68608K, 0% used [0x00000000c0000000,0x00000000c0000000,0x00000000c4300000)
 Metaspace       used 4331K, committed 4544K, reserved 1114112K
  class space    used 437K, committed 512K, reserved 1048576K
}
Event: 2.422 GC heap before
{Heap before GC invocations=2 (full 0):
 PSYoungGen      total 29696K, used 28814K [0x00000000eab00000, 0x00000000ecc00000, 0x0000000100000000)
  eden space 25600K, 100% used [0x00000000eab00000,0x00000000ec400000,0x00000000ec400000)
  from space 4096K, 78% used [0x00000000ec400000,0x00000000ec723aa0,0x00000000ec800000)
  to   space 4096K, 0% used [0x00000000ec800000,0x00000000ec800000,0x00000000ecc00000)
 ParOldGen       total 68608K, used 0K [0x00000000c0000000, 0x00000000c4300000, 0x00000000eab00000)
  object space 68608K, 0% used [0x00000000c0000000,0x00000000c0000000,0x00000000c4300000)
 Metaspace       used 8002K, committed 8320K, reserved 1114112K
  class space    used 787K, committed 960K, reserved 1048576K
}
Event: 2.431 GC heap after
{Heap after GC invocations=2 (full 0):
 PSYoungGen      total 29696K, used 4084K [0x00000000eab00000, 0x00000000ecc00000, 0x0000000100000000)
  eden space 25600K, 0% used [0x00000000eab00000,0x00000000eab00000,0x00000000ec400000)
  from space 4096K, 99% used [0x00000000ec800000,0x00000000ecbfd168,0x00000000ecc00000)
  to   space 4096K, 0% used [0x00000000ec400000,0x00000000ec400000,0x00000000ec800000)
 ParOldGen       total 68608K, used 1700K [0x00000000c0000000, 0x00000000c4300000, 0x00000000eab00000)
  object space 68608K, 2% used [0x00000000c0000000,0x00000000c01a91a0,0x00000000c4300000)
 Metaspace       used 8002K, committed 8320K, reserved 1114112K
  class space    used 787K, committed 960K, reserved 1048576K
}

Dll operation events (9 events):
Event: 0.011 Loaded shared library c:\Users\Admin\.vscode\extensions\redhat.java-1.41.1-win32-x64\jre\21.0.6-win32-x86_64\bin\java.dll
Event: 0.179 Loaded shared library c:\Users\Admin\.vscode\extensions\redhat.java-1.41.1-win32-x64\jre\21.0.6-win32-x86_64\bin\zip.dll
Event: 0.210 Loaded shared library C:\Users\Admin\.vscode\extensions\redhat.java-1.41.1-win32-x64\jre\21.0.6-win32-x86_64\bin\instrument.dll
Event: 0.266 Loaded shared library C:\Users\Admin\.vscode\extensions\redhat.java-1.41.1-win32-x64\jre\21.0.6-win32-x86_64\bin\net.dll
Event: 0.268 Loaded shared library C:\Users\Admin\.vscode\extensions\redhat.java-1.41.1-win32-x64\jre\21.0.6-win32-x86_64\bin\nio.dll
Event: 0.273 Loaded shared library C:\Users\Admin\.vscode\extensions\redhat.java-1.41.1-win32-x64\jre\21.0.6-win32-x86_64\bin\zip.dll
Event: 0.312 Loaded shared library C:\Users\Admin\.vscode\extensions\redhat.java-1.41.1-win32-x64\jre\21.0.6-win32-x86_64\bin\jimage.dll
Event: 0.465 Loaded shared library c:\Users\Admin\.vscode\extensions\redhat.java-1.41.1-win32-x64\jre\21.0.6-win32-x86_64\bin\verify.dll
Event: 2.388 Loaded shared library C:\Users\Admin\AppData\Roaming\Code\User\globalStorage\redhat.java\1.41.1\config_win\org.eclipse.equinox.launcher\org.eclipse.equinox.launcher.win32.win32.x86_64_1.2.1300.v20250331-1702\eclipse_11911.dll

Deoptimization events (20 events):
Event: 7.308 Thread 0x000002857094f670 Uncommon trap: trap_request=0xffffff45 fr.pc=0x000002851eec3760 relative=0x00000000000001c0
Event: 7.308 Thread 0x000002857094f670 Uncommon trap: reason=unstable_if action=reinterpret pc=0x000002851eec3760 method=java.lang.String.isLatin1()Z @ 10 c2
Event: 7.308 Thread 0x000002857094f670 DEOPT PACKING pc=0x000002851eec3760 sp=0x000000f2645fdc00
Event: 7.308 Thread 0x000002857094f670 DEOPT UNPACKING pc=0x000002851e956da2 sp=0x000000f2645fdad0 mode 2
Event: 7.308 Thread 0x000002857094f670 Uncommon trap: trap_request=0xffffff45 fr.pc=0x000002851eef8050 relative=0x0000000000000570
Event: 7.308 Thread 0x000002857094f670 Uncommon trap: reason=unstable_if action=reinterpret pc=0x000002851eef8050 method=java.lang.String.substring(II)Ljava/lang/String; @ 31 c2
Event: 7.308 Thread 0x000002857094f670 DEOPT PACKING pc=0x000002851eef8050 sp=0x000000f2645fdbb0
Event: 7.308 Thread 0x000002857094f670 DEOPT UNPACKING pc=0x000002851e956da2 sp=0x000000f2645fdb80 mode 2
Event: 7.308 Thread 0x000002857094f670 Uncommon trap: trap_request=0xffffff45 fr.pc=0x000002851eeaa40c relative=0x000000000000006c
Event: 7.308 Thread 0x000002857094f670 Uncommon trap: reason=unstable_if action=reinterpret pc=0x000002851eeaa40c method=java.lang.String.isLatin1()Z @ 10 c2
Event: 7.308 Thread 0x000002857094f670 DEOPT PACKING pc=0x000002851eeaa40c sp=0x000000f2645fdb20
Event: 7.308 Thread 0x000002857094f670 DEOPT UNPACKING pc=0x000002851e956da2 sp=0x000000f2645fdab0 mode 2
Event: 9.048 Thread 0x000002857094f670 Uncommon trap: trap_request=0xffffff45 fr.pc=0x000002851eeb7da0 relative=0x0000000000000100
Event: 9.048 Thread 0x000002857094f670 Uncommon trap: reason=unstable_if action=reinterpret pc=0x000002851eeb7da0 method=java.lang.StringCoding.countPositives([BII)I @ 17 c2
Event: 9.048 Thread 0x000002857094f670 DEOPT PACKING pc=0x000002851eeb7da0 sp=0x000000f2645fcee0
Event: 9.048 Thread 0x000002857094f670 DEOPT UNPACKING pc=0x000002851e956da2 sp=0x000000f2645fce68 mode 2
Event: 9.552 Thread 0x000002857094f670 DEOPT PACKING pc=0x00000285177c9bc9 sp=0x000000f2645fcef0
Event: 9.552 Thread 0x000002857094f670 DEOPT UNPACKING pc=0x000002851e9578e2 sp=0x000000f2645fc360 mode 0
Event: 10.147 Thread 0x000002857094f670 DEOPT PACKING pc=0x00000285177c9bc9 sp=0x000000f2645fcef0
Event: 10.147 Thread 0x000002857094f670 DEOPT UNPACKING pc=0x000002851e9578e2 sp=0x000000f2645fc360 mode 0

Classes loaded (20 events):
Event: 2.581 Loading class sun/util/logging/resources/logging_en
Event: 2.581 Loading class sun/util/logging/resources/logging_en done
Event: 2.581 Loading class sun/util/logging/resources/logging_en
Event: 2.581 Loading class sun/util/logging/resources/logging_en done
Event: 2.581 Loading class sun/util/logging/resources/logging_en_US
Event: 2.581 Loading class sun/util/logging/resources/logging_en_US done
Event: 2.581 Loading class sun/util/logging/resources/logging_en_US
Event: 2.581 Loading class sun/util/logging/resources/logging_en_US done
Event: 2.583 Loading class java/util/Formatter$DateTime
Event: 2.583 Loading class java/util/Formatter$DateTime done
Event: 2.583 Loading class java/util/Formatter$FixedString
Event: 2.583 Loading class java/util/Formatter$FixedString done
Event: 2.583 Loading class java/time/ZonedDateTime$1
Event: 2.584 Loading class java/time/ZonedDateTime$1 done
Event: 2.587 Loading class jdk/internal/module/ModulePatcher$PatchedModuleReader
Event: 2.587 Loading class jdk/internal/module/ModulePatcher$PatchedModuleReader done
Event: 2.598 Loading class sun/text/resources/cldr/FormatData_en
Event: 2.599 Loading class sun/text/resources/cldr/FormatData_en done
Event: 2.599 Loading class sun/text/resources/cldr/FormatData_en_US
Event: 2.599 Loading class sun/text/resources/cldr/FormatData_en_US done

Classes unloaded (0 events):
No events

Classes redefined (0 events):
No events

Internal exceptions (20 events):
Event: 1.376 Thread 0x00000285141dabe0 Exception <a 'java/lang/NoSuchMethodError'{0x00000000eab16780}: 'void java.lang.invoke.DirectMethodHandle$Holder.invokeStatic(java.lang.Object, java.lang.Object, java.lang.Object, java.lang.Object)'> (0x00000000eab16780) 
thrown [s\src\hotspot\share\interpreter\linkResolver.cpp, line 773]
Event: 1.378 Thread 0x00000285141dabe0 Implicit null exception at 0x000002851eef871a to 0x000002851eef8924
Event: 1.378 Thread 0x00000285141dabe0 Implicit null exception at 0x000002851eeef6bd to 0x000002851eeef741
Event: 1.466 Thread 0x00000285141dabe0 Exception <a 'java/lang/NoSuchMethodError'{0x00000000ead53878}: 'long java.lang.invoke.DirectMethodHandle$Holder.invokeStatic(java.lang.Object, java.lang.Object, int)'> (0x00000000ead53878) 
thrown [s\src\hotspot\share\interpreter\linkResolver.cpp, line 773]
Event: 1.467 Thread 0x00000285141dabe0 Exception <a 'java/lang/NoSuchMethodError'{0x00000000ead5b380}: 'java.lang.Object java.lang.invoke.DirectMethodHandle$Holder.invokeSpecial(java.lang.Object, java.lang.Object, java.lang.Object, java.lang.Object, long)'> (0x00000000ead5b380) 
thrown [s\src\hotspot\share\interpreter\linkResolver.cpp, line 773]
Event: 1.469 Thread 0x00000285141dabe0 Exception <a 'java/lang/NoSuchMethodError'{0x00000000ead69000}: 'java.lang.Object java.lang.invoke.DirectMethodHandle$Holder.invokeSpecial(java.lang.Object, java.lang.Object, java.lang.Object, int, java.lang.Object)'> (0x00000000ead69000) 
thrown [s\src\hotspot\share\interpreter\linkResolver.cpp, line 773]
Event: 1.473 Thread 0x00000285141dabe0 Exception <a 'java/lang/NoSuchMethodError'{0x00000000ead80980}: 'java.lang.Object java.lang.invoke.Invokers$Holder.invokeExact_MT(java.lang.Object, java.lang.Object, java.lang.Object, java.lang.Object, java.lang.Object, java.lang.Object)'> (0x00000000ead80980) 
thrown [s\src\hotspot\share\interpreter\linkResolver.cpp, line 773]
Event: 1.492 Thread 0x00000285141dabe0 Exception <a 'java/lang/NoSuchMethodError'{0x00000000ead9a238}: 'int java.lang.invoke.DirectMethodHandle$Holder.invokeStaticInit(java.lang.Object, java.lang.Object, java.lang.Object, java.lang.Object)'> (0x00000000ead9a238) 
thrown [s\src\hotspot\share\interpreter\linkResolver.cpp, line 773]
Event: 1.494 Thread 0x00000285141dabe0 Exception <a 'java/lang/NoSuchMethodError'{0x00000000eada29f0}: 'java.lang.Object java.lang.invoke.DirectMethodHandle$Holder.invokeInterface(java.lang.Object, java.lang.Object)'> (0x00000000eada29f0) 
thrown [s\src\hotspot\share\interpreter\linkResolver.cpp, line 773]
Event: 1.494 Thread 0x00000285141dabe0 Exception <a 'java/lang/IncompatibleClassChangeError'{0x00000000eada5f28}: Found class java.lang.Object, but interface was expected> (0x00000000eada5f28) 
thrown [s\src\hotspot\share\interpreter\linkResolver.cpp, line 840]
Event: 1.495 Thread 0x00000285141dabe0 Exception <a 'java/lang/NoSuchMethodError'{0x00000000eadaa0e0}: 'void java.lang.invoke.DirectMethodHandle$Holder.invokeStatic(java.lang.Object, java.lang.Object)'> (0x00000000eadaa0e0) 
thrown [s\src\hotspot\share\interpreter\linkResolver.cpp, line 773]
Event: 1.496 Thread 0x00000285141dabe0 Exception <a 'java/lang/NoSuchMethodError'{0x00000000eadad488}: 'void java.lang.invoke.DirectMethodHandle$Holder.invokeStaticInit(java.lang.Object, java.lang.Object)'> (0x00000000eadad488) 
thrown [s\src\hotspot\share\interpreter\linkResolver.cpp, line 773]
Event: 1.497 Thread 0x00000285141dabe0 Exception <a 'java/lang/NoSuchMethodError'{0x00000000eadb4418}: 'int java.lang.invoke.DirectMethodHandle$Holder.invokeStaticInit(java.lang.Object, java.lang.Object)'> (0x00000000eadb4418) 
thrown [s\src\hotspot\share\interpreter\linkResolver.cpp, line 773]
Event: 1.560 Thread 0x00000285141dabe0 Exception <a 'java/lang/NoSuchMethodError'{0x00000000eaf14ed0}: 'void java.lang.invoke.DirectMethodHandle$Holder.invokeSpecial(java.lang.Object, java.lang.Object, java.lang.Object)'> (0x00000000eaf14ed0) 
thrown [s\src\hotspot\share\interpreter\linkResolver.cpp, line 773]
Event: 1.977 Thread 0x00000285141dabe0 Exception <a 'java/lang/NoSuchMethodError'{0x00000000eb910a60}: 'int java.lang.invoke.DirectMethodHandle$Holder.invokeVirtual(java.lang.Object, java.lang.Object)'> (0x00000000eb910a60) 
thrown [s\src\hotspot\share\interpreter\linkResolver.cpp, line 773]
Event: 2.163 Thread 0x00000285141dabe0 Exception <a 'java/lang/NoSuchMethodError'{0x00000000ebc6dfb8}: 'java.lang.Object java.lang.invoke.DirectMethodHandle$Holder.newInvokeSpecial(java.lang.Object, int, java.lang.Object)'> (0x00000000ebc6dfb8) 
thrown [s\src\hotspot\share\interpreter\linkResolver.cpp, line 773]
Event: 2.204 Thread 0x00000285141dabe0 Exception <a 'java/lang/NoSuchMethodError'{0x00000000ebe03bd0}: 'java.lang.Object java.lang.invoke.DirectMethodHandle$Holder.newInvokeSpecial(java.lang.Object, java.lang.Object, java.lang.Object, java.lang.Object, int, java.lang.Object)'> (0x00000000ebe03bd0) 
thrown [s\src\hotspot\share\interpreter\linkResolver.cpp, line 773]
Event: 2.385 Thread 0x00000285141dabe0 Exception <a 'java/lang/UnsatisfiedLinkError'{0x00000000ec2ab2e8}: 'void org.eclipse.equinox.launcher.JNIBridge._update_splash()'> (0x00000000ec2ab2e8) 
thrown [s\src\hotspot\share\prims\nativeLookup.cpp, line 415]
Event: 2.543 Thread 0x000002857094f670 Exception <a 'java/lang/NoSuchMethodError'{0x00000000eb027b98}: 'java.lang.Object java.lang.invoke.DirectMethodHandle$Holder.newInvokeSpecial(java.lang.Object, java.lang.Object, int, java.lang.Object)'> (0x00000000eb027b98) 
thrown [s\src\hotspot\share\interpreter\linkResolver.cpp, line 773]
Event: 2.579 Thread 0x000002857094f670 Exception <a 'java/lang/ClassNotFoundException'{0x00000000eb19afc8}: sun/util/logging/resources/spi/loggingProvider> (0x00000000eb19afc8) 
thrown [s\src\hotspot\share\classfile\systemDictionary.cpp, line 312]

ZGC Phase Switch (0 events):
No events

VM Operations (20 events):
Event: 2.102 Executing VM operation: HandshakeAllThreads (Deoptimize)
Event: 2.131 Executing VM operation: HandshakeAllThreads (Deoptimize) done
Event: 2.151 Executing VM operation: HandshakeAllThreads (Deoptimize)
Event: 2.151 Executing VM operation: HandshakeAllThreads (Deoptimize) done
Event: 2.200 Executing VM operation: HandshakeAllThreads (Deoptimize)
Event: 2.200 Executing VM operation: HandshakeAllThreads (Deoptimize) done
Event: 2.422 Executing VM operation: ParallelGCFailedAllocation (Allocation Failure)
Event: 2.431 Executing VM operation: ParallelGCFailedAllocation (Allocation Failure) done
Event: 2.510 Executing VM operation: HandshakeAllThreads (Deoptimize)
Event: 2.510 Executing VM operation: HandshakeAllThreads (Deoptimize) done
Event: 2.588 Executing VM operation: HandshakeAllThreads (Deoptimize)
Event: 2.588 Executing VM operation: HandshakeAllThreads (Deoptimize) done
Event: 2.606 Executing VM operation: HandshakeAllThreads (Deoptimize)
Event: 2.606 Executing VM operation: HandshakeAllThreads (Deoptimize) done
Event: 2.624 Executing VM operation: HandshakeAllThreads (Deoptimize)
Event: 2.624 Executing VM operation: HandshakeAllThreads (Deoptimize) done
Event: 3.631 Executing VM operation: Cleanup
Event: 3.631 Executing VM operation: Cleanup done
Event: 7.667 Executing VM operation: Cleanup
Event: 7.667 Executing VM operation: Cleanup done

Memory protections (0 events):
No events

Nmethod flushes (0 events):
No events

Events (16 events):
Event: 0.040 Thread 0x00000285141dabe0 Thread added: 0x00000285141dabe0
Event: 0.062 Thread 0x00000285141dabe0 Thread added: 0x000002856b6622a0
Event: 0.062 Thread 0x00000285141dabe0 Thread added: 0x000002856b6630b0
Event: 0.062 Thread 0x00000285141dabe0 Thread added: 0x000002856b664ab0
Event: 0.062 Thread 0x00000285141dabe0 Thread added: 0x000002856b666bf0
Event: 0.062 Thread 0x00000285141dabe0 Thread added: 0x000002856b667bf0
Event: 0.062 Thread 0x00000285141dabe0 Thread added: 0x000002856b66b850
Event: 0.062 Thread 0x00000285141dabe0 Thread added: 0x000002856b66c6c0
Event: 0.091 Thread 0x00000285141dabe0 Thread added: 0x000002856b6d6b30
Event: 0.143 Thread 0x00000285141dabe0 Thread added: 0x000002856b7491d0
Event: 0.603 Thread 0x00000285141dabe0 Thread added: 0x000002856b9445f0
Event: 2.084 Thread 0x00000285141dabe0 Thread added: 0x00000285708b01b0
Event: 2.382 Thread 0x00000285141dabe0 Thread added: 0x0000028570454b00
Event: 2.445 Thread 0x0000028570454b00 Thread added: 0x000002857094f010
Event: 2.451 Thread 0x00000285141dabe0 Thread added: 0x000002857094f670
Event: 7.306 Thread 0x000002857094f670 Thread added: 0x000002856b9c7ef0


Dynamic libraries:
0x00007ff7406d0000 - 0x00007ff7406de000 	c:\Users\Admin\.vscode\extensions\redhat.java-1.41.1-win32-x64\jre\21.0.6-win32-x86_64\bin\java.exe
0x00007ff9c2830000 - 0x00007ff9c2a47000 	C:\WINDOWS\SYSTEM32\ntdll.dll
0x00007ff9c1600000 - 0x00007ff9c16c4000 	C:\WINDOWS\System32\KERNEL32.DLL
0x00007ff9bfa70000 - 0x00007ff9bfe43000 	C:\WINDOWS\System32\KERNELBASE.dll
0x00007ff9bfe50000 - 0x00007ff9bff61000 	C:\WINDOWS\System32\ucrtbase.dll
0x00007ff983ce0000 - 0x00007ff983cfe000 	c:\Users\Admin\.vscode\extensions\redhat.java-1.41.1-win32-x64\jre\21.0.6-win32-x86_64\bin\VCRUNTIME140.dll
0x00007ff988fc0000 - 0x00007ff988fd8000 	c:\Users\Admin\.vscode\extensions\redhat.java-1.41.1-win32-x64\jre\21.0.6-win32-x86_64\bin\jli.dll
0x00007ff9c1a10000 - 0x00007ff9c1bc1000 	C:\WINDOWS\System32\USER32.dll
0x00007ff9c03e0000 - 0x00007ff9c0406000 	C:\WINDOWS\System32\win32u.dll
0x00007ff9c1c30000 - 0x00007ff9c1c59000 	C:\WINDOWS\System32\GDI32.dll
0x00007ff9c00b0000 - 0x00007ff9c01cb000 	C:\WINDOWS\System32\gdi32full.dll
0x00007ff9c0340000 - 0x00007ff9c03da000 	C:\WINDOWS\System32\msvcp_win.dll
0x00007ff9a2ad0000 - 0x00007ff9a2d68000 	C:\WINDOWS\WinSxS\amd64_microsoft.windows.common-controls_6595b64144ccf1df_6.0.22621.5124_none_270e8f4f7386d69d\COMCTL32.dll
0x00007ff9c2280000 - 0x00007ff9c2327000 	C:\WINDOWS\System32\msvcrt.dll
0x00007ff9c04d0000 - 0x00007ff9c0501000 	C:\WINDOWS\System32\IMM32.DLL
0x00007ff99be90000 - 0x00007ff99be9c000 	c:\Users\Admin\.vscode\extensions\redhat.java-1.41.1-win32-x64\jre\21.0.6-win32-x86_64\bin\vcruntime140_1.dll
0x00007ff974790000 - 0x00007ff97481d000 	c:\Users\Admin\.vscode\extensions\redhat.java-1.41.1-win32-x64\jre\21.0.6-win32-x86_64\bin\msvcp140.dll
0x00007ff904da0000 - 0x00007ff905b30000 	c:\Users\Admin\.vscode\extensions\redhat.java-1.41.1-win32-x64\jre\21.0.6-win32-x86_64\bin\server\jvm.dll
0x00007ff9c1d30000 - 0x00007ff9c1de1000 	C:\WINDOWS\System32\ADVAPI32.dll
0x00007ff9c1c60000 - 0x00007ff9c1d08000 	C:\WINDOWS\System32\sechost.dll
0x00007ff9bf940000 - 0x00007ff9bf968000 	C:\WINDOWS\System32\bcrypt.dll
0x00007ff9c09f0000 - 0x00007ff9c0b04000 	C:\WINDOWS\System32\RPCRT4.dll
0x00007ff9c1580000 - 0x00007ff9c15f1000 	C:\WINDOWS\System32\WS2_32.dll
0x00007ff9bf260000 - 0x00007ff9bf2ad000 	C:\WINDOWS\SYSTEM32\POWRPROF.dll
0x00007ff9b9bc0000 - 0x00007ff9b9bf4000 	C:\WINDOWS\SYSTEM32\WINMM.dll
0x00007ff9b6c70000 - 0x00007ff9b6c7a000 	C:\WINDOWS\SYSTEM32\VERSION.dll
0x00007ff9bf240000 - 0x00007ff9bf253000 	C:\WINDOWS\SYSTEM32\UMPDC.dll
0x00007ff9be930000 - 0x00007ff9be948000 	C:\WINDOWS\SYSTEM32\kernel.appcore.dll
0x00007ff99bc70000 - 0x00007ff99bc7a000 	c:\Users\Admin\.vscode\extensions\redhat.java-1.41.1-win32-x64\jre\21.0.6-win32-x86_64\bin\jimage.dll
0x00007ff9bd0a0000 - 0x00007ff9bd2d2000 	C:\WINDOWS\SYSTEM32\DBGHELP.DLL
0x00007ff9c2330000 - 0x00007ff9c26c2000 	C:\WINDOWS\System32\combase.dll
0x00007ff9c0570000 - 0x00007ff9c0647000 	C:\WINDOWS\System32\OLEAUT32.dll
0x00007ff99a570000 - 0x00007ff99a5a2000 	C:\WINDOWS\SYSTEM32\dbgcore.DLL
0x00007ff9bf9f0000 - 0x00007ff9bfa6b000 	C:\WINDOWS\System32\bcryptPrimitives.dll
0x00007ff99ba50000 - 0x00007ff99ba5f000 	c:\Users\Admin\.vscode\extensions\redhat.java-1.41.1-win32-x64\jre\21.0.6-win32-x86_64\bin\instrument.dll
0x00007ff98db60000 - 0x00007ff98db7f000 	c:\Users\Admin\.vscode\extensions\redhat.java-1.41.1-win32-x64\jre\21.0.6-win32-x86_64\bin\java.dll
0x00007ff9c0ce0000 - 0x00007ff9c1576000 	C:\WINDOWS\System32\SHELL32.dll
0x00007ff9bff70000 - 0x00007ff9c00af000 	C:\WINDOWS\System32\wintypes.dll
0x00007ff9bd810000 - 0x00007ff9be12a000 	C:\WINDOWS\SYSTEM32\windows.storage.dll
0x00007ff9c26e0000 - 0x00007ff9c27ea000 	C:\WINDOWS\System32\SHCORE.dll
0x00007ff9c16d0000 - 0x00007ff9c1733000 	C:\WINDOWS\System32\shlwapi.dll
0x00007ff9bf870000 - 0x00007ff9bf89b000 	C:\WINDOWS\SYSTEM32\profapi.dll
0x00007ff98da30000 - 0x00007ff98da48000 	c:\Users\Admin\.vscode\extensions\redhat.java-1.41.1-win32-x64\jre\21.0.6-win32-x86_64\bin\zip.dll
0x00007ff9a5ac0000 - 0x00007ff9a5ad0000 	C:\Users\Admin\.vscode\extensions\redhat.java-1.41.1-win32-x64\jre\21.0.6-win32-x86_64\bin\net.dll
0x00007ff9b9ff0000 - 0x00007ff9ba11c000 	C:\WINDOWS\SYSTEM32\WINHTTP.dll
0x00007ff9beda0000 - 0x00007ff9bee0a000 	C:\WINDOWS\system32\mswsock.dll
0x00007ff98da10000 - 0x00007ff98da26000 	C:\Users\Admin\.vscode\extensions\redhat.java-1.41.1-win32-x64\jre\21.0.6-win32-x86_64\bin\nio.dll
0x00007ff99fcb0000 - 0x00007ff99fcc0000 	c:\Users\Admin\.vscode\extensions\redhat.java-1.41.1-win32-x64\jre\21.0.6-win32-x86_64\bin\verify.dll
0x00007ff97b2a0000 - 0x00007ff97b2e5000 	C:\Users\Admin\AppData\Roaming\Code\User\globalStorage\redhat.java\1.41.1\config_win\org.eclipse.equinox.launcher\org.eclipse.equinox.launcher.win32.win32.x86_64_1.2.1300.v20250331-1702\eclipse_11911.dll
0x00007ff9c1860000 - 0x00007ff9c1a01000 	C:\WINDOWS\System32\ole32.dll

dbghelp: loaded successfully - version: 4.0.5 - missing functions: none
symbol engine: initialized successfully - sym options: 0x614 - pdb path: .;c:\Users\Admin\.vscode\extensions\redhat.java-1.41.1-win32-x64\jre\21.0.6-win32-x86_64\bin;C:\WINDOWS\SYSTEM32;C:\WINDOWS\WinSxS\amd64_microsoft.windows.common-controls_6595b64144ccf1df_6.0.22621.5124_none_270e8f4f7386d69d;c:\Users\Admin\.vscode\extensions\redhat.java-1.41.1-win32-x64\jre\21.0.6-win32-x86_64\bin\server;C:\Users\Admin\AppData\Roaming\Code\User\globalStorage\redhat.java\1.41.1\config_win\org.eclipse.equinox.launcher\org.eclipse.equinox.launcher.win32.win32.x86_64_1.2.1300.v20250331-1702

VM Arguments:
jvm_args: --add-modules=ALL-SYSTEM --add-opens=java.base/java.util=ALL-UNNAMED --add-opens=java.base/java.lang=ALL-UNNAMED --add-opens=java.base/sun.nio.fs=ALL-UNNAMED -Declipse.application=org.eclipse.jdt.ls.core.id1 -Dosgi.bundles.defaultStartLevel=4 -Declipse.product=org.eclipse.jdt.ls.core.product -Djava.import.generatesMetadataFilesAtProjectRoot=false -DDetectVMInstallationsJob.disabled=true -Dfile.encoding=utf8 -XX:+UseParallelGC -XX:GCTimeRatio=4 -XX:AdaptiveSizePolicyWeight=90 -Dsun.zip.disableMemoryMapping=true -Xmx1G -Xms100m -Xlog:disable -javaagent:c:\Users\Admin\.vscode\extensions\redhat.java-1.41.1-win32-x64\lombok\lombok-1.18.36.jar -XX:+HeapDumpOnOutOfMemoryError -XX:HeapDumpPath=c:\Users\Admin\AppData\Roaming\Code\User\workspaceStorage\3875dbbb7408aeb270af0e22020d43a3\redhat.java -Daether.dependencyCollector.impl=bf 
java_command: c:\Users\Admin\.vscode\extensions\redhat.java-1.41.1-win32-x64\server\plugins\org.eclipse.equinox.launcher_1.7.0.v20250331-1702.jar -configuration c:\Users\Admin\AppData\Roaming\Code\User\globalStorage\redhat.java\1.41.1\config_win -data c:\Users\Admin\AppData\Roaming\Code\User\workspaceStorage\3875dbbb7408aeb270af0e22020d43a3\redhat.java\jdt_ws --pipe=\\.\pipe\lsp-35616b758b006b38370740f8f6d3fb3e-sock
java_class_path (initial): c:\Users\Admin\.vscode\extensions\redhat.java-1.41.1-win32-x64\server\plugins\org.eclipse.equinox.launcher_1.7.0.v20250331-1702.jar
Launcher Type: SUN_STANDARD

[Global flags]
    uintx AdaptiveSizePolicyWeight                 = 90                                        {product} {command line}
     intx CICompilerCount                          = 4                                         {product} {ergonomic}
    uintx GCTimeRatio                              = 4                                         {product} {command line}
     bool HeapDumpOnOutOfMemoryError               = true                                   {manageable} {command line}
    ccstr HeapDumpPath                             = c:\Users\Admin\AppData\Roaming\Code\User\workspaceStorage\3875dbbb7408aeb270af0e22020d43a3\redhat.java         {manageable} {command line}
   size_t InitialHeapSize                          = 104857600                                 {product} {command line}
   size_t MaxHeapSize                              = 1073741824                                {product} {command line}
   size_t MaxNewSize                               = 357564416                                 {product} {ergonomic}
   size_t MinHeapDeltaBytes                        = 524288                                    {product} {ergonomic}
   size_t MinHeapSize                              = 104857600                                 {product} {command line}
   size_t NewSize                                  = 34603008                                  {product} {ergonomic}
    uintx NonNMethodCodeHeapSize                   = 5839372                                {pd product} {ergonomic}
    uintx NonProfiledCodeHeapSize                  = 122909434                              {pd product} {ergonomic}
   size_t OldSize                                  = 70254592                                  {product} {ergonomic}
    uintx ProfiledCodeHeapSize                     = 122909434                              {pd product} {ergonomic}
    uintx ReservedCodeCacheSize                    = 251658240                              {pd product} {ergonomic}
     bool SegmentedCodeCache                       = true                                      {product} {ergonomic}
   size_t SoftMaxHeapSize                          = 1073741824                             {manageable} {ergonomic}
     bool UseCompressedOops                        = true                           {product lp64_product} {ergonomic}
     bool UseLargePagesIndividualAllocation        = false                                  {pd product} {ergonomic}
     bool UseParallelGC                            = true                                      {product} {command line}

Logging:
Log output configuration:
 #0: stdout all=off uptime,level,tags foldmultilines=false
 #1: stderr all=off uptime,level,tags foldmultilines=false

Environment Variables:
PATH=D:\FULBRIGHT\SPRING 2025\cs2\jdk-17.0.12;C:\Program Files (x86)\Common Files\Oracle\Java\javapath;C:\WINDOWS\system32;C:\WINDOWS;C:\WINDOWS\System32\Wbem;C:\WINDOWS\System32\WindowsPowerShell\v1.0\;C:\WINDOWS\System32\OpenSSH\;D:\FULBRIGHT\SPRING 2025\cs2\jdk-17.0.12\bin;C:\Program Files\Git\cmd;%NVM_HOME%;%NVM_SYMLINK%;C:\Users\Admin\AppData\Local\Programs\Python\Python311\Scripts\;C:\Users\Admin\AppData\Local\Programs\Python\Python311\;C:\Users\Admin\AppData\Local\Programs\Python\Launcher\;C:\Users\Admin\AppData\Local\Microsoft\WindowsApps;D:\FULBRIGHT\SPRING 2025\cs2\Microsoft VS Code\bin;C:\Users\Admin\AppData\Local\GitHubDesktop\bin;D:\FULBRIGHT\Scripts\;D:\FULBRIGHT\bin\;C:\Users\Admin\AppData\Roaming\npm;C:\Users\Admin\AppData\Local\nvm;C:\nvm4w\nodejs
USERNAME=Admin
OS=Windows_NT
PROCESSOR_IDENTIFIER=Intel64 Family 6 Model 141 Stepping 1, GenuineIntel
TMP=C:\Users\Admin\AppData\Local\Temp
TEMP=C:\Users\Admin\AppData\Local\Temp




Periodic native trim disabled

---------------  S Y S T E M  ---------------

OS:
 Windows 11 , 64 bit Build 22621 (10.0.22621.5124)
OS uptime: 4 days 4:49 hours
Hyper-V role detected

CPU: total 12 (initial active 12) (6 cores per cpu, 2 threads per core) family 6 model 141 stepping 1 microcode 0x34, cx8, cmov, fxsr, ht, mmx, 3dnowpref, sse, sse2, sse3, ssse3, sse4.1, sse4.2, popcnt, lzcnt, tsc, tscinvbit, avx, avx2, aes, erms, clmul, bmi1, bmi2, adx, avx512f, avx512dq, avx512cd, avx512bw, avx512vl, sha, fma, vzeroupper, avx512_vpopcntdq, avx512_vpclmulqdq, avx512_vaes, avx512_vnni, clflush, clflushopt, clwb, avx512_vbmi2, avx512_vbmi, hv, rdtscp, rdpid, fsrm, gfni, avx512_bitalg, f16c, cet_ibt, cet_ss, avx512_ifma
Processor Information for the first 12 processors :
  Max Mhz: 2688, Current Mhz: 2688, Mhz Limit: 2688

Memory: 4k page, system-wide physical 7893M (135M free)
TotalPageFile size 23654M (AvailPageFile size 4M)
current process WorkingSet (physical memory assigned to process): 100M, peak: 100M
current process commit charge ("private bytes"): 219M, peak: 219M

vm_info: OpenJDK 64-Bit Server VM (21.0.6+7-LTS) for windows-amd64 JRE (21.0.6+7-LTS), built on 2025-01-21T00:00:00Z by "admin" with MS VC++ 17.7 (VS2022)

END.
